

Started GET "/" for 127.0.0.1 at 2013-10-18 13:25:17 -0700
  [1m[36mActiveRecord::SchemaMigration Load (1.0ms)[0m  [1mSELECT "schema_migrations".* FROM "schema_migrations"[0m
Processing by PurchasesController#index as HTML
  [1m[35mRackCAS::ActiveRecordStore::Session Load (3.0ms)[0m  SELECT "sessions".* FROM "sessions" WHERE "sessions"."session_id" = '5b3f71f3b84d577a91e8602ff1e7f1bc' ORDER BY "sessions"."id" ASC LIMIT 1
  [1m[36mUser Load (2.0ms)[0m  [1mSELECT "users".* FROM "users" WHERE "users"."username" = 'johnr65' LIMIT 1[0m
  [1m[35mHumanity::Role Load (11.0ms)[0m  SELECT "roles".* FROM "roles" INNER JOIN "assignments" ON "roles"."id" = "assignments"."role_id" WHERE "assignments"."human_id" = $1 AND "assignments"."human_type" = $2  [["human_id", 18], ["human_type", "User"]]
  [1m[36mUser Load (18.0ms)[0m  [1mSELECT "users".* FROM "users"[0m
  [1m[35mHumanity::Role Load (0.0ms)[0m  SELECT "roles".* FROM "roles" WHERE "roles"."name" = 'buyer' LIMIT 1
  [1m[36mUser Load (1.0ms)[0m  [1mSELECT "users".* FROM "users" INNER JOIN "assignments" ON "assignments"."human_id" = "users"."id" AND "assignments"."human_type" = 'User' WHERE "assignments"."role_id" = 2[0m
  [1m[35mHumanity::Role Load (0.0ms)[0m  SELECT "roles".* FROM "roles" INNER JOIN "assignments" ON "roles"."id" = "assignments"."role_id" WHERE "assignments"."human_id" = $1 AND "assignments"."human_type" = $2 AND "roles"."name" = 'buyer' ORDER BY "roles"."id" ASC LIMIT 1  [["human_id", 18], ["human_type", "User"]]
  [1m[36m (2.0ms)[0m  [1mSELECT COUNT(*) FROM "purchases" WHERE (date_received is NULL)[0m
  Rendered purchases/_purchase_list_header.html.haml (21.0ms)
  [1m[35mPurchase Load (2.0ms)[0m  SELECT "purchases".* FROM "purchases" WHERE (date_received is NULL) ORDER BY starred asc, date_requested DESC, id desc LIMIT 25 OFFSET 0
  [1m[36mLineItem Load (3.0ms)[0m  [1mSELECT "line_items".* FROM "line_items" WHERE "line_items"."purchase_id" IN (88, 86, 85, 87, 84, 83, 82, 81, 80, 79, 78, 77, 76, 75, 74, 73, 72, 71, 70, 69, 68, 67, 66, 65, 64)[0m
  [1m[35mPurchaseToVendor Load (1.0ms)[0m  SELECT "purchase_to_vendors".* FROM "purchase_to_vendors" WHERE "purchase_to_vendors"."purchase_id" IN (88, 86, 85, 87, 84, 83, 82, 81, 80, 79, 78, 77, 76, 75, 74, 73, 72, 71, 70, 69, 68, 67, 66, 65, 64)
  [1m[36mVendor Load (2.0ms)[0m  [1mSELECT "vendors".* FROM "vendors" WHERE "vendors"."id" IN (1173, 1171, 1170, 1172, 1169, 1096, 1105, 1168, 169, 1167, 1166, 1165, 1164, 1163, 1162, 1108, 1161, 1138, 1160, 1159, 1158, 1157, 1156, 1122, 1155)[0m
  [1m[35mPurchaseToTag Load (2.0ms)[0m  SELECT "purchase_to_tags".* FROM "purchase_to_tags" WHERE "purchase_to_tags"."purchase_id" IN (88, 86, 85, 87, 84, 83, 82, 81, 80, 79, 78, 77, 76, 75, 74, 73, 72, 71, 70, 69, 68, 67, 66, 65, 64)
  [1m[36mTag Load (1.0ms)[0m  [1mSELECT "tags".* FROM "tags" WHERE "tags"."id" IN (5, 2, 4, 3, 9, 8)[0m
  [1m[35mAccount Load (1.0ms)[0m  SELECT "accounts".* FROM "accounts" WHERE "accounts"."id" IN (54, 52, 51, 53, 50, 49, 48, 47, 46, 21, 45, 43, 19)
  [1m[36mUser Load (1.0ms)[0m  [1mSELECT "users".* FROM "users" WHERE "users"."id" IN (998, 841, 2174, 1666, 252)[0m
  [1m[35mUser Load (1.0ms)[0m  SELECT "users".* FROM "users" WHERE "users"."id" IN (1805, 286, 1967, 1176, 2071, 588, 263, 854, 1557, 724, 1760)
  [1m[36mAccount Load (0.0ms)[0m  [1mSELECT "accounts".* FROM "accounts" WHERE "accounts"."user_id" IN (1805, 286, 1967, 1176, 2071, 588, 263, 854, 1557, 724, 1760)[0m
  Rendered purchases/_purchase_list_items.html.haml (90.0ms)
  Rendered purchases/_purchase_list.html.haml (545.1ms)
  Rendered purchases/index.html.haml within layouts/application (602.1ms)
  Rendered layouts/_flash_part.html.haml (2.0ms)
  Rendered application/_biola_footer.html.haml (6.0ms)
Completed 200 OK in 9585ms (Views: 9001.9ms | ActiveRecord: 66.0ms)
  [1m[35mCACHE (0.0ms)[0m  SELECT "sessions".* FROM "sessions" WHERE "sessions"."session_id" = '5b3f71f3b84d577a91e8602ff1e7f1bc' ORDER BY "sessions"."id" ASC LIMIT 1
  [1m[36m (1.0ms)[0m  [1mBEGIN[0m
  [1m[35m (0.0ms)[0m  COMMIT


Started GET "/assets/application.css?body=1" for 127.0.0.1 at 2013-10-18 13:25:27 -0700


Started GET "/assets/jquery.ui.core.css?body=1" for 127.0.0.1 at 2013-10-18 13:25:27 -0700


Started GET "/assets/jquery.ui.theme.css?body=1" for 127.0.0.1 at 2013-10-18 13:25:27 -0700


Started GET "/assets/jquery.ui.datepicker.css?body=1" for 127.0.0.1 at 2013-10-18 13:25:27 -0700


Started GET "/assets/_colors.css?body=1" for 127.0.0.1 at 2013-10-18 13:25:28 -0700


Started GET "/assets/jquery.ui.resizable.css?body=1" for 127.0.0.1 at 2013-10-18 13:25:28 -0700


Started GET "/assets/edit.css?body=1" for 127.0.0.1 at 2013-10-18 13:25:28 -0700


Started GET "/assets/_reset.css?body=1" for 127.0.0.1 at 2013-10-18 13:25:28 -0700


Started GET "/assets/flash.css?body=1" for 127.0.0.1 at 2013-10-18 13:25:28 -0700


Started GET "/assets/edit_receiving.css?body=1" for 127.0.0.1 at 2013-10-18 13:25:28 -0700


Started GET "/assets/kaminari.css?body=1" for 127.0.0.1 at 2013-10-18 13:25:28 -0700


Started GET "/assets/layout.css?body=1" for 127.0.0.1 at 2013-10-18 13:25:28 -0700


Started GET "/assets/login.css?body=1" for 127.0.0.1 at 2013-10-18 13:25:28 -0700


Started GET "/assets/navigation.css?body=1" for 127.0.0.1 at 2013-10-18 13:25:28 -0700


Started GET "/assets/purchases.css?body=1" for 127.0.0.1 at 2013-10-18 13:25:28 -0700


Started GET "/assets/search.css?body=1" for 127.0.0.1 at 2013-10-18 13:25:28 -0700


Started GET "/assets/shared/shared.css?body=1" for 127.0.0.1 at 2013-10-18 13:25:29 -0700


Started GET "/assets/shared/universal.css?body=1" for 127.0.0.1 at 2013-10-18 13:25:29 -0700


Started GET "/assets/tags.css?body=1" for 127.0.0.1 at 2013-10-18 13:25:29 -0700


Started GET "/assets/token-input-large.css?body=1" for 127.0.0.1 at 2013-10-18 13:25:29 -0700


Started GET "/assets/vendors.css?body=1" for 127.0.0.1 at 2013-10-18 13:25:29 -0700


Started GET "/assets/token-input.css?body=1" for 127.0.0.1 at 2013-10-18 13:25:29 -0700


Started GET "/assets/jquery.ui.core.js?body=1" for 127.0.0.1 at 2013-10-18 13:25:29 -0700


Started GET "/assets/font-awesome.css?body=1" for 127.0.0.1 at 2013-10-18 13:25:29 -0700


Started GET "/assets/jquery.ui.widget.js?body=1" for 127.0.0.1 at 2013-10-18 13:25:29 -0700


Started GET "/assets/jquery.js?body=1" for 127.0.0.1 at 2013-10-18 13:25:29 -0700


Started GET "/assets/jquery.ui.datepicker.js?body=1" for 127.0.0.1 at 2013-10-18 13:25:30 -0700


Started GET "/assets/jquery.ui.mouse.js?body=1" for 127.0.0.1 at 2013-10-18 13:25:30 -0700


Started GET "/assets/jquery.ui.position.js?body=1" for 127.0.0.1 at 2013-10-18 13:25:30 -0700


Started GET "/assets/jquery.ui.resizable.js?body=1" for 127.0.0.1 at 2013-10-18 13:25:30 -0700


Started GET "/assets/jquery.ui.tooltip.js?body=1" for 127.0.0.1 at 2013-10-18 13:25:30 -0700


Started GET "/assets/jquery_ujs.js?body=1" for 127.0.0.1 at 2013-10-18 13:25:30 -0700


Started GET "/assets/application.js?body=1" for 127.0.0.1 at 2013-10-18 13:25:30 -0700


Started GET "/assets/app.js?body=1" for 127.0.0.1 at 2013-10-18 13:25:30 -0700


Started GET "/assets/biola.png" for 127.0.0.1 at 2013-10-18 13:25:30 -0700


Started GET "/assets/jquery-ui/ui-bg_flat_75_ffffff_40x100.png" for 127.0.0.1 at 2013-10-18 13:25:31 -0700


Started GET "/purchases/87/edit?_=1382127930198" for 127.0.0.1 at 2013-10-18 13:25:33 -0700
Processing by PurchasesController#edit as JS
  Parameters: {"_"=>"1382127930198", "id"=>"87"}
  [1m[36mRackCAS::ActiveRecordStore::Session Load (0.0ms)[0m  [1mSELECT "sessions".* FROM "sessions" WHERE "sessions"."session_id" = '5b3f71f3b84d577a91e8602ff1e7f1bc' ORDER BY "sessions"."id" ASC LIMIT 1[0m
  [1m[35mUser Load (1.0ms)[0m  SELECT "users".* FROM "users" WHERE "users"."username" = 'johnr65' LIMIT 1
  [1m[36mPurchase Load (3.0ms)[0m  [1mSELECT "purchases".* FROM "purchases" WHERE "purchases"."id" = $1 LIMIT 1[0m  [["id", "87"]]
  [1m[35mLineItem Load (3.0ms)[0m  SELECT "line_items".* FROM "line_items" WHERE "line_items"."purchase_id" IN (87)
  [1m[36mPurchaseToVendor Load (1.0ms)[0m  [1mSELECT "purchase_to_vendors".* FROM "purchase_to_vendors" WHERE "purchase_to_vendors"."purchase_id" IN (87)[0m
  [1m[35mVendor Load (0.0ms)[0m  SELECT "vendors".* FROM "vendors" WHERE "vendors"."id" IN (1172)
  [1m[36mPurchaseToTag Load (1.0ms)[0m  [1mSELECT "purchase_to_tags".* FROM "purchase_to_tags" WHERE "purchase_to_tags"."purchase_id" IN (87)[0m
  [1m[35mAccount Load (0.0ms)[0m  SELECT "accounts".* FROM "accounts" WHERE "accounts"."id" IN (53)
  [1m[36mUser Load (0.0ms)[0m  [1mSELECT "users".* FROM "users" WHERE "users"."id" IN (1666)[0m
  [1m[35mUser Load (0.0ms)[0m  SELECT "users".* FROM "users" WHERE "users"."id" IN (1176)
  [1m[36mAccount Load (1.0ms)[0m  [1mSELECT "accounts".* FROM "accounts" WHERE "accounts"."user_id" IN (1176)[0m
  [1m[35mAttachment Load (2.0ms)[0m  SELECT "attachments".* FROM "attachments" WHERE "attachments"."purchase_id" IN (87)
  [1m[36mNote Load (2.0ms)[0m  [1mSELECT "notes".* FROM "notes" WHERE "notes"."purchase_id" IN (87)[0m
  [1m[35mReceiving Load (2.0ms)[0m  SELECT "receivings".* FROM "receivings" WHERE "receivings"."purchase_id" IN (87)
  [1m[36mReceivingLine Load (2.0ms)[0m  [1mSELECT "receiving_lines".* FROM "receiving_lines" WHERE "receiving_lines"."receiving_id" IN (112)[0m
  [1m[35mTag Load (0.0ms)[0m  SELECT "tags".* FROM "tags"
  [1m[36mHumanity::Role Load (1.0ms)[0m  [1mSELECT "roles".* FROM "roles" INNER JOIN "assignments" ON "roles"."id" = "assignments"."role_id" WHERE "assignments"."human_id" = $1 AND "assignments"."human_type" = $2[0m  [["human_id", 18], ["human_type", "User"]]
  [1m[35m (0.0ms)[0m  SELECT COUNT(*) FROM "attachments" WHERE "attachments"."purchase_id" = $1  [["purchase_id", 87]]
  [1m[36mUser Load (1.0ms)[0m  [1mSELECT "users".* FROM "users" WHERE "users"."id" = $1 ORDER BY "users"."id" ASC LIMIT 1[0m  [["id", 1176]]
  Rendered purchases/_line_item_fields.html.haml (76.0ms)
  Rendered purchases/_line_item_fields.html.haml (2.0ms)
  Rendered purchases/_line_item_fields.html.haml (1.0ms)
  Rendered purchases/_line_item_fields.html.haml (1.0ms)
  Rendered purchases/_line_item_fields.html.haml (1.0ms)
  Rendered purchases/_line_item_fields.html.haml (2.0ms)
  Rendered purchases/_line_item_fields.html.haml (1.0ms)
  Rendered purchases/_line_item_fields.html.haml (1.0ms)
  Rendered purchases/_line_item_fields.html.haml (1.0ms)
  Rendered purchases/_line_item_fields.html.haml (2.0ms)
  Rendered purchases/_line_item_fields.html.haml (1.0ms)
  Rendered purchases/_line_item_fields.html.haml (2.0ms)
  Rendered purchases/_line_item_fields.html.haml (0.0ms)
  Rendered purchases/_receiving_lines_fields.html.haml (3.0ms)
  Rendered purchases/_receiving_lines_fields.html.haml (1.0ms)
  Rendered purchases/_receiving_lines_fields.html.haml (1.0ms)
  Rendered purchases/_receiving_lines_fields.html.haml (1.0ms)
  Rendered purchases/_receiving_fields.html.haml (74.0ms)
  Rendered purchases/_receiving_lines_fields.html.haml (0.0ms)
  Rendered purchases/_receiving_fields.html.haml (4.0ms)
  Rendered purchases/_note_fields.html.haml (3.0ms)
  Rendered purchases/_tag_fields.html.haml (2.0ms)
  Rendered purchases/_form.html.haml (402.0ms)
  Rendered purchases/_edit.haml (408.0ms)
  Rendered layouts/_flash_part.html.haml (3.0ms)
  Rendered purchases/edit.js.erb (420.0ms)
Completed 200 OK in 642ms (Views: 433.0ms | ActiveRecord: 28.0ms)
  [1m[35mCACHE (0.0ms)[0m  SELECT "sessions".* FROM "sessions" WHERE "sessions"."session_id" = '5b3f71f3b84d577a91e8602ff1e7f1bc' ORDER BY "sessions"."id" ASC LIMIT 1
  [1m[36m (0.0ms)[0m  [1mBEGIN[0m
  [1m[35m (0.0ms)[0m  COMMIT


Started PATCH "/purchases/87" for 127.0.0.1 at 2013-10-18 13:25:38 -0700
Processing by PurchasesController#update as JS
  Parameters: {"utf8"=>"✓", "purchase"=>{"vendor_tokens"=>"NSCAA College Services", "tracking_num"=>"", "date_expected"=>"Oct 18, 2013", "date_requested"=>"Sep 26, 2013", "date_approved"=>"", "date_purchased"=>"", "requester_tokens"=>"1176", "recipient_tokens"=>"1176", "line_items_attributes"=>{"0"=>{"description"=>"Phone 15/12 Shelving Paperclips ", "unit"=>"BX", "quantity"=>"19", "price"=>"$1.00", "last_user"=>"admin", "created_at"=>"2013-10-11 19:11:08.006649", "updated_at"=>"2013-10-11 19:11:08.00865", "id"=>"668", "_destroy"=>"false"}, "1"=>{"description"=>"Shelving 12/14 ", "unit"=>"BX", "quantity"=>"8", "price"=>"$8.00", "last_user"=>"admin", "created_at"=>"2013-10-11 19:11:08.002649", "updated_at"=>"2013-10-11 19:11:08.004649", "id"=>"667", "_destroy"=>"false"}, "2"=>{"description"=>"Paper Lamp WK12oi8OUs ", "unit"=>"EA", "quantity"=>"10", "price"=>"$8.00", "last_user"=>"admin", "created_at"=>"2013-10-11 19:11:07.994648", "updated_at"=>"2013-10-11 19:11:08.000649", "id"=>"666", "_destroy"=>"false"}, "3"=>{"description"=>"Paperclips Software Stapler ", "unit"=>"EA", "quantity"=>"21", "price"=>"$1.00", "last_user"=>"admin", "created_at"=>"2013-10-11 19:11:07.981647", "updated_at"=>"2013-10-11 19:11:07.984647", "id"=>"665", "_destroy"=>"false"}, "4"=>{"description"=>"4/2 CD Paperclips 6/19 Canned Air Hinge Paper ", "unit"=>"CS", "quantity"=>"23", "price"=>"$5.00", "last_user"=>"admin", "created_at"=>"2013-10-11 19:11:07.978647", "updated_at"=>"2013-10-11 19:11:07.979647", "id"=>"664", "_destroy"=>"false"}, "5"=>{"description"=>"Lamp Paper Book ", "unit"=>"EA", "quantity"=>"14", "price"=>"$6.00", "last_user"=>"admin", "created_at"=>"2013-10-11 19:11:07.974646", "updated_at"=>"2013-10-11 19:11:07.976646", "id"=>"663", "_destroy"=>"false"}, "6"=>{"description"=>"0/1 Wheel 6/12 Copying Machine Shelving ", "unit"=>"CS", "quantity"=>"7", "price"=>"$9.00", "last_user"=>"admin", "created_at"=>"2013-10-11 19:11:07.970646", "updated_at"=>"2013-10-11 19:11:07.972646", "id"=>"662", "_destroy"=>"false"}, "7"=>{"description"=>"10/19 ilib uYr4y Book ", "unit"=>"TB", "quantity"=>"24", "price"=>"$2.00", "last_user"=>"admin", "created_at"=>"2013-10-11 19:11:07.967645", "updated_at"=>"2013-10-11 19:11:07.968646", "id"=>"661", "_destroy"=>"false"}, "8"=>{"description"=>"CvKPtwAhQT 0/2 85 Stapler 36 17/13 ", "unit"=>"CS", "quantity"=>"9", "price"=>"$9.00", "last_user"=>"admin", "created_at"=>"2013-10-11 19:11:07.963645", "updated_at"=>"2013-10-11 19:11:07.965645", "id"=>"660", "_destroy"=>"false"}, "9"=>{"description"=>"24 J2l2AQcSgG 5/7 Shelving ", "unit"=>"BX", "quantity"=>"25", "price"=>"$3.00", "last_user"=>"admin", "created_at"=>"2013-10-11 19:11:07.959645", "updated_at"=>"2013-10-11 19:11:07.961645", "id"=>"659", "_destroy"=>"false"}, "10"=>{"description"=>"Phone Hinge Paperclips ", "unit"=>"CS", "quantity"=>"5", "price"=>"$5.00", "last_user"=>"admin", "created_at"=>"2013-10-11 19:11:07.956644", "updated_at"=>"2013-10-11 19:11:07.957644", "id"=>"658", "_destroy"=>"false"}, "11"=>{"description"=>"Paperclips Speaker 70 UpRkdN0KRX Pencils ", "unit"=>"EA", "quantity"=>"2", "price"=>"$9.00", "last_user"=>"admin", "created_at"=>"2013-10-11 19:11:07.952644", "updated_at"=>"2013-10-11 19:11:07.954644", "id"=>"657", "_destroy"=>"false"}, "1382127934043"=>{"description"=>"", "unit"=>"", "quantity"=>"", "price"=>"", "last_user"=>"", "created_at"=>"", "updated_at"=>"", "id"=>"", "_destroy"=>"false"}}, "receivings_attributes"=>{"0"=>{"id"=>"112", "total"=>"", "_destroy"=>"false", "receiving_lines_attributes"=>{"0"=>{"id"=>"356", "line_item_id"=>"662", "quantity"=>"0", "last_user"=>"admin", "updated_at"=>"2013-10-11 19:11:08.023651", "created_at"=>"2013-10-11 19:11:08.023651"}, "1"=>{"id"=>"355", "line_item_id"=>"663", "quantity"=>"13", "last_user"=>"admin", "updated_at"=>"2013-10-11 19:11:08.020651", "created_at"=>"2013-10-11 19:11:08.020651"}, "2"=>{"id"=>"354", "line_item_id"=>"667", "quantity"=>"4", "last_user"=>"admin", "updated_at"=>"2013-10-11 19:11:08.018651", "created_at"=>"2013-10-11 19:11:08.018651"}}}}, "notes_attributes"=>{"1382127934067"=>{"note"=>"", "id"=>"", "_destroy"=>"false"}}, "account_id"=>"53", "tags"=>""}, "fund"=>"101000", "org"=>"", "acct"=>"", "commit"=>"Cancel", "id"=>"87"}
  [1m[36mRackCAS::ActiveRecordStore::Session Load (1.0ms)[0m  [1mSELECT "sessions".* FROM "sessions" WHERE "sessions"."session_id" = '5b3f71f3b84d577a91e8602ff1e7f1bc' ORDER BY "sessions"."id" ASC LIMIT 1[0m
  [1m[35mUser Load (0.0ms)[0m  SELECT "users".* FROM "users" WHERE "users"."username" = 'johnr65' LIMIT 1
  Rendered layouts/_flash_part.html.haml (0.0ms)
  Rendered application/cancel.js.erb (4.0ms)
Filter chain halted as :cancel_req rendered or redirected
Completed 200 OK in 34ms (Views: 25.0ms | ActiveRecord: 1.0ms)
  [1m[36mCACHE (0.0ms)[0m  [1mSELECT "sessions".* FROM "sessions" WHERE "sessions"."session_id" = '5b3f71f3b84d577a91e8602ff1e7f1bc' ORDER BY "sessions"."id" ASC LIMIT 1[0m
  [1m[35m (0.0ms)[0m  BEGIN
  [1m[36m (0.0ms)[0m  [1mCOMMIT[0m


Started GET "/purchases?buyer=0&page=1&flash=false&tab=Received&_=1382127930199" for 127.0.0.1 at 2013-10-18 13:25:41 -0700
Processing by PurchasesController#index as JS
  Parameters: {"buyer"=>"0", "page"=>"1", "flash"=>"false", "tab"=>"Received", "_"=>"1382127930199"}
  [1m[35mRackCAS::ActiveRecordStore::Session Load (1.0ms)[0m  SELECT "sessions".* FROM "sessions" WHERE "sessions"."session_id" = '5b3f71f3b84d577a91e8602ff1e7f1bc' ORDER BY "sessions"."id" ASC LIMIT 1
  [1m[36mUser Load (0.0ms)[0m  [1mSELECT "users".* FROM "users" WHERE "users"."username" = 'johnr65' LIMIT 1[0m
  [1m[35mHumanity::Role Load (0.0ms)[0m  SELECT "roles".* FROM "roles" INNER JOIN "assignments" ON "roles"."id" = "assignments"."role_id" WHERE "assignments"."human_id" = $1 AND "assignments"."human_type" = $2  [["human_id", 18], ["human_type", "User"]]
  [1m[36mUser Load (18.0ms)[0m  [1mSELECT "users".* FROM "users"[0m
  [1m[35mHumanity::Role Load (1.0ms)[0m  SELECT "roles".* FROM "roles" WHERE "roles"."name" = 'buyer' LIMIT 1
  [1m[36mUser Load (0.0ms)[0m  [1mSELECT "users".* FROM "users" INNER JOIN "assignments" ON "assignments"."human_id" = "users"."id" AND "assignments"."human_type" = 'User' WHERE "assignments"."role_id" = 2[0m
  [1m[35m (1.0ms)[0m  SELECT COUNT(*) FROM "purchases" WHERE (date_received is NOT NULL)
  Rendered purchases/_purchase_list_header.html.haml (10.0ms)
  [1m[36mPurchase Load (1.0ms)[0m  [1mSELECT "purchases".* FROM "purchases" WHERE (date_received is NOT NULL) ORDER BY starred asc, date_requested DESC, id desc LIMIT 25 OFFSET 0[0m
  Rendered purchases/_purchase_list_items.html.haml (0.0ms)
  Rendered purchases/_purchase_list.html.haml (17.0ms)
  Rendered layouts/_flash_part.html.haml (1.0ms)
  Rendered layouts/_flash_part.html.haml (0.0ms)
  Rendered purchases/index.js.erb (26.0ms)
Completed 200 OK in 326ms (Views: 38.0ms | ActiveRecord: 22.0ms)
  [1m[35mCACHE (0.0ms)[0m  SELECT "sessions".* FROM "sessions" WHERE "sessions"."session_id" = '5b3f71f3b84d577a91e8602ff1e7f1bc' ORDER BY "sessions"."id" ASC LIMIT 1
  [1m[36m (0.0ms)[0m  [1mBEGIN[0m
  [1m[35m (0.0ms)[0m  COMMIT


Started GET "/purchases?buyer=0&page=1&flash=false&tab=On-route&_=1382127930200" for 127.0.0.1 at 2013-10-18 13:25:43 -0700
Processing by PurchasesController#index as JS
  Parameters: {"buyer"=>"0", "page"=>"1", "flash"=>"false", "tab"=>"On-route", "_"=>"1382127930200"}
  [1m[36mRackCAS::ActiveRecordStore::Session Load (0.0ms)[0m  [1mSELECT "sessions".* FROM "sessions" WHERE "sessions"."session_id" = '5b3f71f3b84d577a91e8602ff1e7f1bc' ORDER BY "sessions"."id" ASC LIMIT 1[0m
  [1m[35mUser Load (0.0ms)[0m  SELECT "users".* FROM "users" WHERE "users"."username" = 'johnr65' LIMIT 1
  [1m[36mHumanity::Role Load (1.0ms)[0m  [1mSELECT "roles".* FROM "roles" INNER JOIN "assignments" ON "roles"."id" = "assignments"."role_id" WHERE "assignments"."human_id" = $1 AND "assignments"."human_type" = $2[0m  [["human_id", 18], ["human_type", "User"]]
  [1m[35mUser Load (63.0ms)[0m  SELECT "users".* FROM "users"
  [1m[36mHumanity::Role Load (0.0ms)[0m  [1mSELECT "roles".* FROM "roles" WHERE "roles"."name" = 'buyer' LIMIT 1[0m
  [1m[35mUser Load (2.0ms)[0m  SELECT "users".* FROM "users" INNER JOIN "assignments" ON "assignments"."human_id" = "users"."id" AND "assignments"."human_type" = 'User' WHERE "assignments"."role_id" = 2
  [1m[36m (0.0ms)[0m  [1mSELECT COUNT(*) FROM "purchases" WHERE (date_received is NULL)[0m
  Rendered purchases/_purchase_list_header.html.haml (13.0ms)
  [1m[35mPurchase Load (2.0ms)[0m  SELECT "purchases".* FROM "purchases" WHERE (date_received is NULL) ORDER BY starred asc, date_requested DESC, id desc LIMIT 25 OFFSET 0
  [1m[36mLineItem Load (2.0ms)[0m  [1mSELECT "line_items".* FROM "line_items" WHERE "line_items"."purchase_id" IN (88, 86, 85, 87, 84, 83, 82, 81, 80, 79, 78, 77, 76, 75, 74, 73, 72, 71, 70, 69, 68, 67, 66, 65, 64)[0m
  [1m[35mPurchaseToVendor Load (1.0ms)[0m  SELECT "purchase_to_vendors".* FROM "purchase_to_vendors" WHERE "purchase_to_vendors"."purchase_id" IN (88, 86, 85, 87, 84, 83, 82, 81, 80, 79, 78, 77, 76, 75, 74, 73, 72, 71, 70, 69, 68, 67, 66, 65, 64)
  [1m[36mVendor Load (1.0ms)[0m  [1mSELECT "vendors".* FROM "vendors" WHERE "vendors"."id" IN (1173, 1171, 1170, 1172, 1169, 1096, 1105, 1168, 169, 1167, 1166, 1165, 1164, 1163, 1162, 1108, 1161, 1138, 1160, 1159, 1158, 1157, 1156, 1122, 1155)[0m
  [1m[35mPurchaseToTag Load (0.0ms)[0m  SELECT "purchase_to_tags".* FROM "purchase_to_tags" WHERE "purchase_to_tags"."purchase_id" IN (88, 86, 85, 87, 84, 83, 82, 81, 80, 79, 78, 77, 76, 75, 74, 73, 72, 71, 70, 69, 68, 67, 66, 65, 64)
  [1m[36mTag Load (0.0ms)[0m  [1mSELECT "tags".* FROM "tags" WHERE "tags"."id" IN (5, 2, 4, 3, 9, 8)[0m
  [1m[35mAccount Load (0.0ms)[0m  SELECT "accounts".* FROM "accounts" WHERE "accounts"."id" IN (54, 52, 51, 53, 50, 49, 48, 47, 46, 21, 45, 43, 19)
  [1m[36mUser Load (0.0ms)[0m  [1mSELECT "users".* FROM "users" WHERE "users"."id" IN (998, 841, 2174, 1666, 252)[0m
  [1m[35mUser Load (0.0ms)[0m  SELECT "users".* FROM "users" WHERE "users"."id" IN (1805, 286, 1967, 1176, 2071, 588, 263, 854, 1557, 724, 1760)
  [1m[36mAccount Load (0.0ms)[0m  [1mSELECT "accounts".* FROM "accounts" WHERE "accounts"."user_id" IN (1805, 286, 1967, 1176, 2071, 588, 263, 854, 1557, 724, 1760)[0m
  Rendered purchases/_purchase_list_items.html.haml (141.0ms)
  Rendered purchases/_purchase_list.html.haml (258.0ms)
  Rendered layouts/_flash_part.html.haml (0.0ms)
  Rendered layouts/_flash_part.html.haml (0.0ms)
  Rendered purchases/index.js.erb (271.0ms)
Completed 200 OK in 578ms (Views: 279.0ms | ActiveRecord: 72.0ms)
  [1m[35mCACHE (0.0ms)[0m  SELECT "sessions".* FROM "sessions" WHERE "sessions"."session_id" = '5b3f71f3b84d577a91e8602ff1e7f1bc' ORDER BY "sessions"."id" ASC LIMIT 1
  [1m[36m (0.0ms)[0m  [1mBEGIN[0m
  [1m[35m (0.0ms)[0m  COMMIT


Started GET "/purchases/86/edit?_=1382127930201" for 127.0.0.1 at 2013-10-18 13:25:49 -0700
Processing by PurchasesController#edit as JS
  Parameters: {"_"=>"1382127930201", "id"=>"86"}
  [1m[36mRackCAS::ActiveRecordStore::Session Load (0.0ms)[0m  [1mSELECT "sessions".* FROM "sessions" WHERE "sessions"."session_id" = '5b3f71f3b84d577a91e8602ff1e7f1bc' ORDER BY "sessions"."id" ASC LIMIT 1[0m
  [1m[35mUser Load (1.0ms)[0m  SELECT "users".* FROM "users" WHERE "users"."username" = 'johnr65' LIMIT 1
  [1m[36mPurchase Load (1.0ms)[0m  [1mSELECT "purchases".* FROM "purchases" WHERE "purchases"."id" = $1 LIMIT 1[0m  [["id", "86"]]
  [1m[35mLineItem Load (4.0ms)[0m  SELECT "line_items".* FROM "line_items" WHERE "line_items"."purchase_id" IN (86)
  [1m[36mPurchaseToVendor Load (1.0ms)[0m  [1mSELECT "purchase_to_vendors".* FROM "purchase_to_vendors" WHERE "purchase_to_vendors"."purchase_id" IN (86)[0m
  [1m[35mVendor Load (1.0ms)[0m  SELECT "vendors".* FROM "vendors" WHERE "vendors"."id" IN (1171)
  [1m[36mPurchaseToTag Load (1.0ms)[0m  [1mSELECT "purchase_to_tags".* FROM "purchase_to_tags" WHERE "purchase_to_tags"."purchase_id" IN (86)[0m
  [1m[35mTag Load (1.0ms)[0m  SELECT "tags".* FROM "tags" WHERE "tags"."id" IN (2)
  [1m[36mAccount Load (1.0ms)[0m  [1mSELECT "accounts".* FROM "accounts" WHERE "accounts"."id" IN (52)[0m
  [1m[35mUser Load (0.0ms)[0m  SELECT "users".* FROM "users" WHERE "users"."id" IN (841)
  [1m[36mUser Load (0.0ms)[0m  [1mSELECT "users".* FROM "users" WHERE "users"."id" IN (286)[0m
  [1m[35mAccount Load (0.0ms)[0m  SELECT "accounts".* FROM "accounts" WHERE "accounts"."user_id" IN (286)
  [1m[36mAttachment Load (0.0ms)[0m  [1mSELECT "attachments".* FROM "attachments" WHERE "attachments"."purchase_id" IN (86)[0m
  [1m[35mNote Load (1.0ms)[0m  SELECT "notes".* FROM "notes" WHERE "notes"."purchase_id" IN (86)
  [1m[36mReceiving Load (0.0ms)[0m  [1mSELECT "receivings".* FROM "receivings" WHERE "receivings"."purchase_id" IN (86)[0m
  [1m[35mTag Load (0.0ms)[0m  SELECT "tags".* FROM "tags"
  [1m[36mHumanity::Role Load (1.0ms)[0m  [1mSELECT "roles".* FROM "roles" INNER JOIN "assignments" ON "roles"."id" = "assignments"."role_id" WHERE "assignments"."human_id" = $1 AND "assignments"."human_type" = $2[0m  [["human_id", 18], ["human_type", "User"]]
  [1m[35m (0.0ms)[0m  SELECT COUNT(*) FROM "attachments" WHERE "attachments"."purchase_id" = $1  [["purchase_id", 86]]
  [1m[36mUser Load (1.0ms)[0m  [1mSELECT "users".* FROM "users" WHERE "users"."id" = $1 ORDER BY "users"."id" ASC LIMIT 1[0m  [["id", 286]]
  Rendered purchases/_line_item_fields.html.haml (5.0ms)
  Rendered purchases/_line_item_fields.html.haml (4.0ms)
  Rendered purchases/_line_item_fields.html.haml (2.0ms)
  Rendered purchases/_line_item_fields.html.haml (2.0ms)
  Rendered purchases/_receiving_lines_fields.html.haml (1.0ms)
  Rendered purchases/_receiving_fields.html.haml (7.0ms)
  Rendered purchases/_note_fields.html.haml (0.0ms)
  Rendered purchases/_tag_fields.html.haml (1.0ms)
  Rendered purchases/_tag_fields.html.haml (1.0ms)
  Rendered purchases/_form.html.haml (65.0ms)
  Rendered purchases/_edit.haml (69.0ms)
  Rendered layouts/_flash_part.html.haml (0.0ms)
  Rendered purchases/edit.js.erb (75.0ms)
Completed 200 OK in 131ms (Views: 90.0ms | ActiveRecord: 14.0ms)
  [1m[35mCACHE (0.0ms)[0m  SELECT "sessions".* FROM "sessions" WHERE "sessions"."session_id" = '5b3f71f3b84d577a91e8602ff1e7f1bc' ORDER BY "sessions"."id" ASC LIMIT 1
  [1m[36m (0.0ms)[0m  [1mBEGIN[0m
  [1m[35m (0.0ms)[0m  COMMIT


Started PATCH "/purchases/86" for 127.0.0.1 at 2013-10-18 13:26:21 -0700
Processing by PurchasesController#update as JS
  Parameters: {"utf8"=>"✓", "purchase"=>{"vendor_tokens"=>"Steve Weiss Music", "tracking_num"=>"", "date_expected"=>"Oct 18, 2013", "date_requested"=>"Sep 26, 2013", "date_approved"=>"", "date_purchased"=>"", "requester_tokens"=>"286", "recipient_tokens"=>"286", "line_items_attributes"=>{"0"=>{"description"=>"Wheel 4/12 11/13 25 lt48utT 16 Stapler Software ", "unit"=>"BX", "quantity"=>"18", "price"=>"$6.00", "last_user"=>"admin", "created_at"=>"2013-10-11 19:11:07.920641", "updated_at"=>"2013-10-11 19:11:07.923641", "id"=>"656", "_destroy"=>"false"}, "1"=>{"description"=>"3/18 Wheel Paperclips Computer Paper om7gpQFYmz ", "unit"=>"BX", "quantity"=>"15", "price"=>"$0.00", "last_user"=>"admin", "created_at"=>"2013-10-11 19:11:07.91564", "updated_at"=>"2013-10-11 19:11:07.91764", "id"=>"655", "_destroy"=>"false"}, "2"=>{"description"=>"Copying Machine Canned Air ", "unit"=>"CS", "quantity"=>"21", "price"=>"$1.00", "last_user"=>"admin", "created_at"=>"2013-10-11 19:11:07.91164", "updated_at"=>"2013-10-11 19:11:07.91364", "id"=>"654", "_destroy"=>"false"}, "1382127950230"=>{"description"=>"", "unit"=>"", "quantity"=>"", "price"=>"", "last_user"=>"", "created_at"=>"", "updated_at"=>"", "id"=>"", "_destroy"=>"false"}}, "notes_attributes"=>{"1382127950243"=>{"note"=>"", "id"=>"", "_destroy"=>"false"}}, "account_id"=>"52", "purchase_to_tags_attributes"=>{"0"=>{"tag_id"=>"2", "_destroy"=>"false", "id"=>"32"}}, "tags"=>""}, "fund"=>"101000", "org"=>"", "acct"=>"", "commit"=>"Cancel", "id"=>"86"}
  [1m[36mRackCAS::ActiveRecordStore::Session Load (1.0ms)[0m  [1mSELECT "sessions".* FROM "sessions" WHERE "sessions"."session_id" = '5b3f71f3b84d577a91e8602ff1e7f1bc' ORDER BY "sessions"."id" ASC LIMIT 1[0m
  [1m[35mUser Load (1.0ms)[0m  SELECT "users".* FROM "users" WHERE "users"."username" = 'johnr65' LIMIT 1
  Rendered layouts/_flash_part.html.haml (0.0ms)
  Rendered application/cancel.js.erb (3.0ms)
Filter chain halted as :cancel_req rendered or redirected
Completed 200 OK in 31ms (Views: 23.0ms | ActiveRecord: 2.0ms)
  [1m[36mCACHE (0.0ms)[0m  [1mSELECT "sessions".* FROM "sessions" WHERE "sessions"."session_id" = '5b3f71f3b84d577a91e8602ff1e7f1bc' ORDER BY "sessions"."id" ASC LIMIT 1[0m
  [1m[35m (0.0ms)[0m  BEGIN
  [1m[36m (0.0ms)[0m  [1mCOMMIT[0m


Started GET "/purchases/88/edit?_=1382127930202" for 127.0.0.1 at 2013-10-18 13:26:25 -0700
Processing by PurchasesController#edit as JS
  Parameters: {"_"=>"1382127930202", "id"=>"88"}
  [1m[35mRackCAS::ActiveRecordStore::Session Load (1.0ms)[0m  SELECT "sessions".* FROM "sessions" WHERE "sessions"."session_id" = '5b3f71f3b84d577a91e8602ff1e7f1bc' ORDER BY "sessions"."id" ASC LIMIT 1
  [1m[36mUser Load (0.0ms)[0m  [1mSELECT "users".* FROM "users" WHERE "users"."username" = 'johnr65' LIMIT 1[0m
  [1m[35mPurchase Load (1.0ms)[0m  SELECT "purchases".* FROM "purchases" WHERE "purchases"."id" = $1 LIMIT 1  [["id", "88"]]
  [1m[36mLineItem Load (0.0ms)[0m  [1mSELECT "line_items".* FROM "line_items" WHERE "line_items"."purchase_id" IN (88)[0m
  [1m[35mPurchaseToVendor Load (1.0ms)[0m  SELECT "purchase_to_vendors".* FROM "purchase_to_vendors" WHERE "purchase_to_vendors"."purchase_id" IN (88)
  [1m[36mVendor Load (0.0ms)[0m  [1mSELECT "vendors".* FROM "vendors" WHERE "vendors"."id" IN (1173)[0m
  [1m[35mPurchaseToTag Load (0.0ms)[0m  SELECT "purchase_to_tags".* FROM "purchase_to_tags" WHERE "purchase_to_tags"."purchase_id" IN (88)
  [1m[36mTag Load (1.0ms)[0m  [1mSELECT "tags".* FROM "tags" WHERE "tags"."id" IN (5)[0m
  [1m[35mAccount Load (0.0ms)[0m  SELECT "accounts".* FROM "accounts" WHERE "accounts"."id" IN (54)
  [1m[36mUser Load (0.0ms)[0m  [1mSELECT "users".* FROM "users" WHERE "users"."id" IN (998)[0m
  [1m[35mUser Load (0.0ms)[0m  SELECT "users".* FROM "users" WHERE "users"."id" IN (1805)
  [1m[36mAccount Load (0.0ms)[0m  [1mSELECT "accounts".* FROM "accounts" WHERE "accounts"."user_id" IN (1805)[0m
  [1m[35mAttachment Load (0.0ms)[0m  SELECT "attachments".* FROM "attachments" WHERE "attachments"."purchase_id" IN (88)
  [1m[36mNote Load (0.0ms)[0m  [1mSELECT "notes".* FROM "notes" WHERE "notes"."purchase_id" IN (88)[0m
  [1m[35mReceiving Load (1.0ms)[0m  SELECT "receivings".* FROM "receivings" WHERE "receivings"."purchase_id" IN (88)
  [1m[36mReceivingLine Load (0.0ms)[0m  [1mSELECT "receiving_lines".* FROM "receiving_lines" WHERE "receiving_lines"."receiving_id" IN (113)[0m
  [1m[35mTag Load (1.0ms)[0m  SELECT "tags".* FROM "tags"
  [1m[36mHumanity::Role Load (1.0ms)[0m  [1mSELECT "roles".* FROM "roles" INNER JOIN "assignments" ON "roles"."id" = "assignments"."role_id" WHERE "assignments"."human_id" = $1 AND "assignments"."human_type" = $2[0m  [["human_id", 18], ["human_type", "User"]]
  [1m[35m (1.0ms)[0m  SELECT COUNT(*) FROM "attachments" WHERE "attachments"."purchase_id" = $1  [["purchase_id", 88]]
  [1m[36mUser Load (0.0ms)[0m  [1mSELECT "users".* FROM "users" WHERE "users"."id" = $1 ORDER BY "users"."id" ASC LIMIT 1[0m  [["id", 1805]]
  Rendered purchases/_line_item_fields.html.haml (1.0ms)
  Rendered purchases/_line_item_fields.html.haml (2.0ms)
  Rendered purchases/_line_item_fields.html.haml (2.0ms)
  Rendered purchases/_line_item_fields.html.haml (1.0ms)
  Rendered purchases/_line_item_fields.html.haml (52.0ms)
  Rendered purchases/_line_item_fields.html.haml (2.0ms)
  Rendered purchases/_line_item_fields.html.haml (2.0ms)
  Rendered purchases/_line_item_fields.html.haml (2.0ms)
  Rendered purchases/_line_item_fields.html.haml (2.0ms)
  Rendered purchases/_line_item_fields.html.haml (2.0ms)
  Rendered purchases/_line_item_fields.html.haml (1.0ms)
  Rendered purchases/_receiving_lines_fields.html.haml (1.0ms)
  Rendered purchases/_receiving_lines_fields.html.haml (1.0ms)
  Rendered purchases/_receiving_lines_fields.html.haml (1.0ms)
  Rendered purchases/_receiving_lines_fields.html.haml (1.0ms)
  Rendered purchases/_receiving_lines_fields.html.haml (1.0ms)
  Rendered purchases/_receiving_fields.html.haml (27.0ms)
  Rendered purchases/_receiving_lines_fields.html.haml (1.0ms)
  Rendered purchases/_receiving_fields.html.haml (11.0ms)
  Rendered purchases/_note_fields.html.haml (1.0ms)
  Rendered purchases/_tag_fields.html.haml (1.0ms)
  Rendered purchases/_tag_fields.html.haml (2.0ms)
  Rendered purchases/_form.html.haml (194.0ms)
  Rendered purchases/_edit.haml (200.0ms)
  Rendered layouts/_flash_part.html.haml (0.0ms)
  Rendered purchases/edit.js.erb (215.0ms)
Completed 200 OK in 266ms (Views: 230.0ms | ActiveRecord: 8.0ms)
  [1m[35mCACHE (0.0ms)[0m  SELECT "sessions".* FROM "sessions" WHERE "sessions"."session_id" = '5b3f71f3b84d577a91e8602ff1e7f1bc' ORDER BY "sessions"."id" ASC LIMIT 1
  [1m[36m (2.0ms)[0m  [1mBEGIN[0m
  [1m[35m (0.0ms)[0m  COMMIT


Started PATCH "/purchases/88" for 127.0.0.1 at 2013-10-18 13:26:29 -0700
Processing by PurchasesController#update as JS
  Parameters: {"utf8"=>"✓", "purchase"=>{"vendor_tokens"=>"Alaska", "tracking_num"=>"", "date_expected"=>"Oct 18, 2013", "date_requested"=>"Sep 26, 2013", "date_approved"=>"", "date_purchased"=>"", "requester_tokens"=>"1805", "recipient_tokens"=>"1805", "line_items_attributes"=>{"0"=>{"description"=>"Scissors 18/15 Canned Air 6/12 Canned Air ", "unit"=>"EA", "quantity"=>"25", "price"=>"$1.00", "last_user"=>"admin", "created_at"=>"2013-10-11 19:11:08.120661", "updated_at"=>"2013-10-11 19:11:08.122661", "id"=>"678", "_destroy"=>"false"}, "1"=>{"description"=>"Hinge Shelving Paper Wheel nFkZlN9MkB 33 16/2 Wheel ", "unit"=>"EA", "quantity"=>"17", "price"=>"$8.00", "last_user"=>"admin", "created_at"=>"2013-10-11 19:11:08.11666", "updated_at"=>"2013-10-11 19:11:08.118661", "id"=>"677", "_destroy"=>"false"}, "2"=>{"description"=>"2 ", "unit"=>"CS", "quantity"=>"15", "price"=>"$4.00", "last_user"=>"admin", "created_at"=>"2013-10-11 19:11:08.076656", "updated_at"=>"2013-10-11 19:11:08.11466", "id"=>"676", "_destroy"=>"false"}, "3"=>{"description"=>"Copying Machine 7/10 1 Shelving Paper PLLBTB2nbp ", "unit"=>"BX", "quantity"=>"24", "price"=>"$8.00", "last_user"=>"admin", "created_at"=>"2013-10-11 19:11:08.072656", "updated_at"=>"2013-10-11 19:11:08.074656", "id"=>"675", "_destroy"=>"false"}, "4"=>{"description"=>"pvm88EacHn 22 Scissors JVN6Iaaff7 Pencils Copying Machine ", "unit"=>"CS", "quantity"=>"4", "price"=>"$6.00", "last_user"=>"admin", "created_at"=>"2013-10-11 19:11:08.068656", "updated_at"=>"2013-10-11 19:11:08.070656", "id"=>"674", "_destroy"=>"false"}, "5"=>{"description"=>"Speaker ", "unit"=>"CS", "quantity"=>"4", "price"=>"$4.00", "last_user"=>"admin", "created_at"=>"2013-10-11 19:11:08.064655", "updated_at"=>"2013-10-11 19:11:08.066655", "id"=>"673", "_destroy"=>"false"}, "6"=>{"description"=>"CD Paperclips Software 10/14 ", "unit"=>"CS", "quantity"=>"20", "price"=>"$7.00", "last_user"=>"admin", "created_at"=>"2013-10-11 19:11:08.059655", "updated_at"=>"2013-10-11 19:11:08.061655", "id"=>"672", "_destroy"=>"false"}, "7"=>{"description"=>"16/13 68 2/9 Scissors ", "unit"=>"BX", "quantity"=>"21", "price"=>"$2.00", "last_user"=>"admin", "created_at"=>"2013-10-11 19:11:08.054654", "updated_at"=>"2013-10-11 19:11:08.056654", "id"=>"671", "_destroy"=>"false"}, "8"=>{"description"=>"13/14 Book Computer Paper Speaker ", "unit"=>"EA", "quantity"=>"21", "price"=>"$7.00", "last_user"=>"admin", "created_at"=>"2013-10-11 19:11:08.046653", "updated_at"=>"2013-10-11 19:11:08.052654", "id"=>"670", "_destroy"=>"false"}, "9"=>{"description"=>"Lamp 72 Book M3teUHlqSt Canned Air Hinge ", "unit"=>"BX", "quantity"=>"17", "price"=>"$9.00", "last_user"=>"admin", "created_at"=>"2013-10-11 19:11:08.042653", "updated_at"=>"2013-10-11 19:11:08.044653", "id"=>"669", "_destroy"=>"false"}, "1382127985502"=>{"description"=>"", "unit"=>"", "quantity"=>"", "price"=>"", "last_user"=>"", "created_at"=>"", "updated_at"=>"", "id"=>"", "_destroy"=>"false"}}, "receivings_attributes"=>{"0"=>{"id"=>"113", "total"=>"", "_destroy"=>"false", "receiving_lines_attributes"=>{"0"=>{"id"=>"360", "line_item_id"=>"669", "quantity"=>"7", "last_user"=>"admin", "updated_at"=>"2013-10-11 19:11:08.143663", "created_at"=>"2013-10-11 19:11:08.143663"}, "1"=>{"id"=>"359", "line_item_id"=>"670", "quantity"=>"12", "last_user"=>"admin", "updated_at"=>"2013-10-11 19:11:08.141663", "created_at"=>"2013-10-11 19:11:08.141663"}, "2"=>{"id"=>"358", "line_item_id"=>"677", "quantity"=>"7", "last_user"=>"admin", "updated_at"=>"2013-10-11 19:11:08.139663", "created_at"=>"2013-10-11 19:11:08.139663"}, "3"=>{"id"=>"357", "line_item_id"=>"678", "quantity"=>"9", "last_user"=>"admin", "updated_at"=>"2013-10-11 19:11:08.136662", "created_at"=>"2013-10-11 19:11:08.136662"}}}}, "notes_attributes"=>{"1382127985516"=>{"note"=>"", "id"=>"", "_destroy"=>"false"}}, "account_id"=>"54", "purchase_to_tags_attributes"=>{"0"=>{"tag_id"=>"5", "_destroy"=>"false", "id"=>"33"}}, "tags"=>""}, "fund"=>"101000", "org"=>"", "acct"=>"", "commit"=>"Cancel", "id"=>"88"}
  [1m[36mRackCAS::ActiveRecordStore::Session Load (0.0ms)[0m  [1mSELECT "sessions".* FROM "sessions" WHERE "sessions"."session_id" = '5b3f71f3b84d577a91e8602ff1e7f1bc' ORDER BY "sessions"."id" ASC LIMIT 1[0m
  [1m[35mUser Load (1.0ms)[0m  SELECT "users".* FROM "users" WHERE "users"."username" = 'johnr65' LIMIT 1
  Rendered layouts/_flash_part.html.haml (0.0ms)
  Rendered application/cancel.js.erb (3.0ms)
Filter chain halted as :cancel_req rendered or redirected
Completed 200 OK in 31ms (Views: 23.0ms | ActiveRecord: 1.0ms)
  [1m[36mCACHE (0.0ms)[0m  [1mSELECT "sessions".* FROM "sessions" WHERE "sessions"."session_id" = '5b3f71f3b84d577a91e8602ff1e7f1bc' ORDER BY "sessions"."id" ASC LIMIT 1[0m
  [1m[35m (0.0ms)[0m  BEGIN
  [1m[36m (0.0ms)[0m  [1mCOMMIT[0m


Started GET "/purchases/83/edit?_=1382127930203" for 127.0.0.1 at 2013-10-18 13:26:39 -0700
Processing by PurchasesController#edit as JS
  Parameters: {"_"=>"1382127930203", "id"=>"83"}
  [1m[35mRackCAS::ActiveRecordStore::Session Load (2.0ms)[0m  SELECT "sessions".* FROM "sessions" WHERE "sessions"."session_id" = '5b3f71f3b84d577a91e8602ff1e7f1bc' ORDER BY "sessions"."id" ASC LIMIT 1
  [1m[36mUser Load (1.0ms)[0m  [1mSELECT "users".* FROM "users" WHERE "users"."username" = 'johnr65' LIMIT 1[0m
  [1m[35mPurchase Load (0.0ms)[0m  SELECT "purchases".* FROM "purchases" WHERE "purchases"."id" = $1 LIMIT 1  [["id", "83"]]
  [1m[36mLineItem Load (1.0ms)[0m  [1mSELECT "line_items".* FROM "line_items" WHERE "line_items"."purchase_id" IN (83)[0m
  [1m[35mPurchaseToVendor Load (1.0ms)[0m  SELECT "purchase_to_vendors".* FROM "purchase_to_vendors" WHERE "purchase_to_vendors"."purchase_id" IN (83)
  [1m[36mVendor Load (0.0ms)[0m  [1mSELECT "vendors".* FROM "vendors" WHERE "vendors"."id" IN (1105)[0m
  [1m[35mPurchaseToTag Load (0.0ms)[0m  SELECT "purchase_to_tags".* FROM "purchase_to_tags" WHERE "purchase_to_tags"."purchase_id" IN (83)
  [1m[36mAccount Load (1.0ms)[0m  [1mSELECT "accounts".* FROM "accounts" WHERE "accounts"."id" IN (49)[0m
  [1m[35mUser Load (1.0ms)[0m  SELECT "users".* FROM "users" WHERE "users"."id" IN (2174)
  [1m[36mUser Load (0.0ms)[0m  [1mSELECT "users".* FROM "users" WHERE "users"."id" IN (2071)[0m
  [1m[35mAccount Load (1.0ms)[0m  SELECT "accounts".* FROM "accounts" WHERE "accounts"."user_id" IN (2071)
  [1m[36mAttachment Load (0.0ms)[0m  [1mSELECT "attachments".* FROM "attachments" WHERE "attachments"."purchase_id" IN (83)[0m
  [1m[35mNote Load (0.0ms)[0m  SELECT "notes".* FROM "notes" WHERE "notes"."purchase_id" IN (83)
  [1m[36mReceiving Load (0.0ms)[0m  [1mSELECT "receivings".* FROM "receivings" WHERE "receivings"."purchase_id" IN (83)[0m
  [1m[35mTag Load (0.0ms)[0m  SELECT "tags".* FROM "tags"
  [1m[36mHumanity::Role Load (1.0ms)[0m  [1mSELECT "roles".* FROM "roles" INNER JOIN "assignments" ON "roles"."id" = "assignments"."role_id" WHERE "assignments"."human_id" = $1 AND "assignments"."human_type" = $2[0m  [["human_id", 18], ["human_type", "User"]]
  [1m[35m (0.0ms)[0m  SELECT COUNT(*) FROM "attachments" WHERE "attachments"."purchase_id" = $1  [["purchase_id", 83]]
  [1m[36mUser Load (0.0ms)[0m  [1mSELECT "users".* FROM "users" WHERE "users"."id" = $1 ORDER BY "users"."id" ASC LIMIT 1[0m  [["id", 2071]]
  Rendered purchases/_line_item_fields.html.haml (2.0ms)
  Rendered purchases/_line_item_fields.html.haml (2.0ms)
  Rendered purchases/_line_item_fields.html.haml (2.0ms)
  Rendered purchases/_line_item_fields.html.haml (2.0ms)
  Rendered purchases/_line_item_fields.html.haml (2.0ms)
  Rendered purchases/_line_item_fields.html.haml (2.0ms)
  Rendered purchases/_line_item_fields.html.haml (1.0ms)
  Rendered purchases/_line_item_fields.html.haml (2.0ms)
  Rendered purchases/_line_item_fields.html.haml (1.0ms)
  Rendered purchases/_line_item_fields.html.haml (1.0ms)
  Rendered purchases/_line_item_fields.html.haml (4.0ms)
  Rendered purchases/_line_item_fields.html.haml (2.0ms)
  Rendered purchases/_line_item_fields.html.haml (1.0ms)
  Rendered purchases/_line_item_fields.html.haml (5.0ms)
  Rendered purchases/_line_item_fields.html.haml (1.0ms)
  Rendered purchases/_line_item_fields.html.haml (1.0ms)
  Rendered purchases/_receiving_lines_fields.html.haml (2.0ms)
  Rendered purchases/_receiving_fields.html.haml (7.0ms)
  Rendered purchases/_note_fields.html.haml (0.0ms)
  Rendered purchases/_tag_fields.html.haml (1.0ms)
  Rendered purchases/_form.html.haml (121.0ms)
  Rendered purchases/_edit.haml (132.0ms)
  Rendered layouts/_flash_part.html.haml (0.0ms)
  Rendered purchases/edit.js.erb (147.0ms)
Completed 200 OK in 254ms (Views: 165.0ms | ActiveRecord: 9.0ms)
  [1m[35mCACHE (0.0ms)[0m  SELECT "sessions".* FROM "sessions" WHERE "sessions"."session_id" = '5b3f71f3b84d577a91e8602ff1e7f1bc' ORDER BY "sessions"."id" ASC LIMIT 1
  [1m[36m (0.0ms)[0m  [1mBEGIN[0m
  [1m[35m (1.0ms)[0m  COMMIT


Started PATCH "/purchases/83" for 127.0.0.1 at 2013-10-18 13:28:05 -0700
Processing by PurchasesController#update as JS
  Parameters: {"utf8"=>"✓", "purchase"=>{"vendor_tokens"=>"Hotels.com", "tracking_num"=>"", "date_expected"=>"Oct 18, 2013", "date_requested"=>"Sep 26, 2013", "date_approved"=>"", "date_purchased"=>"", "requester_tokens"=>"2071", "recipient_tokens"=>"2071", "line_items_attributes"=>{"0"=>{"description"=>"Software rCXfAbkJaa ", "unit"=>"CS", "quantity"=>"21", "price"=>"$7.00", "last_user"=>"admin", "created_at"=>"2013-10-11 19:11:07.690618", "updated_at"=>"2013-10-11 19:11:07.692618", "id"=>"640", "_destroy"=>"false"}, "1"=>{"description"=>"Software Stapler Speaker 5/3 65 1/10 76 ", "unit"=>"CS", "quantity"=>"8", "price"=>"$7.00", "last_user"=>"admin", "created_at"=>"2013-10-11 19:11:07.686617", "updated_at"=>"2013-10-11 19:11:07.688618", "id"=>"639", "_destroy"=>"false"}, "2"=>{"description"=>"Stapler ", "unit"=>"BX", "quantity"=>"8", "price"=>"$7.00", "last_user"=>"admin", "created_at"=>"2013-10-11 19:11:07.682617", "updated_at"=>"2013-10-11 19:11:07.684617", "id"=>"638", "_destroy"=>"false"}, "3"=>{"description"=>"Scissors ewN9YLDBCu ", "unit"=>"TB", "quantity"=>"20", "price"=>"$5.00", "last_user"=>"admin", "created_at"=>"2013-10-11 19:11:07.678617", "updated_at"=>"2013-10-11 19:11:07.680617", "id"=>"637", "_destroy"=>"false"}, "4"=>{"description"=>"86 Paper 5/3 Speaker ", "unit"=>"BX", "quantity"=>"21", "price"=>"$7.00", "last_user"=>"admin", "created_at"=>"2013-10-11 19:11:07.673616", "updated_at"=>"2013-10-11 19:11:07.676616", "id"=>"636", "_destroy"=>"false"}, "5"=>{"description"=>"Software Shelving Lamp Speaker ", "unit"=>"TB", "quantity"=>"2", "price"=>"$2.00", "last_user"=>"admin", "created_at"=>"2013-10-11 19:11:07.664615", "updated_at"=>"2013-10-11 19:11:07.667615", "id"=>"635", "_destroy"=>"false"}, "6"=>{"description"=>"Computer ", "unit"=>"BX", "quantity"=>"15", "price"=>"$1.00", "last_user"=>"admin", "created_at"=>"2013-10-11 19:11:07.661615", "updated_at"=>"2013-10-11 19:11:07.662615", "id"=>"634", "_destroy"=>"false"}, "7"=>{"description"=>"Speaker Computer Speaker JwzZDnj6Yr ", "unit"=>"CS", "quantity"=>"5", "price"=>"$6.00", "last_user"=>"admin", "created_at"=>"2013-10-11 19:11:07.656614", "updated_at"=>"2013-10-11 19:11:07.658615", "id"=>"633", "_destroy"=>"false"}, "8"=>{"description"=>"79 t43K74Txsi 68 Canned Air Shelving ", "unit"=>"EA", "quantity"=>"19", "price"=>"$3.00", "last_user"=>"admin", "created_at"=>"2013-10-11 19:11:07.653614", "updated_at"=>"2013-10-11 19:11:07.654614", "id"=>"632", "_destroy"=>"false"}, "9"=>{"description"=>"80 Book Shelving 14/2 14/12 ", "unit"=>"BX", "quantity"=>"15", "price"=>"$9.00", "last_user"=>"admin", "created_at"=>"2013-10-11 19:11:07.649614", "updated_at"=>"2013-10-11 19:11:07.651614", "id"=>"631", "_destroy"=>"false"}, "10"=>{"description"=>"Software Phone Speaker Wheel ", "unit"=>"EA", "quantity"=>"7", "price"=>"$5.00", "last_user"=>"admin", "created_at"=>"2013-10-11 19:11:07.644613", "updated_at"=>"2013-10-11 19:11:07.645613", "id"=>"630", "_destroy"=>"false"}, "11"=>{"description"=>"83 CD 1 Scissors Shelving Book ", "unit"=>"CS", "quantity"=>"6", "price"=>"$8.00", "last_user"=>"admin", "created_at"=>"2013-10-11 19:11:07.628612", "updated_at"=>"2013-10-11 19:11:07.642613", "id"=>"629", "_destroy"=>"false"}, "12"=>{"description"=>"Book Software  rjQZoQF5u Paper Stapler ", "unit"=>"EA", "quantity"=>"11", "price"=>"$1.00", "last_user"=>"admin", "created_at"=>"2013-10-11 19:11:07.624611", "updated_at"=>"2013-10-11 19:11:07.626611", "id"=>"628", "_destroy"=>"false"}, "13"=>{"description"=>"Lamp Canned Air ", "unit"=>"TB", "quantity"=>"17", "price"=>"$9.00", "last_user"=>"admin", "created_at"=>"2013-10-11 19:11:07.621611", "updated_at"=>"2013-10-11 19:11:07.622611", "id"=>"627", "_destroy"=>"false"}, "14"=>{"description"=>"Speaker FkYOyXUGyi Phone ", "unit"=>"CS", "quantity"=>"10", "price"=>"$9.00", "last_user"=>"admin", "created_at"=>"2013-10-11 19:11:07.61761", "updated_at"=>"2013-10-11 19:11:07.619611", "id"=>"626", "_destroy"=>"false"}, "1382127999440"=>{"description"=>"", "unit"=>"", "quantity"=>"", "price"=>"", "last_user"=>"", "created_at"=>"", "updated_at"=>"", "id"=>"", "_destroy"=>"false"}}, "notes_attributes"=>{"1382127999454"=>{"note"=>"", "id"=>"", "_destroy"=>"false"}}, "account_id"=>"49", "tags"=>""}, "fund"=>"101000", "org"=>"", "acct"=>"", "commit"=>"Cancel", "id"=>"83"}
  [1m[36mRackCAS::ActiveRecordStore::Session Load (0.0ms)[0m  [1mSELECT "sessions".* FROM "sessions" WHERE "sessions"."session_id" = '5b3f71f3b84d577a91e8602ff1e7f1bc' ORDER BY "sessions"."id" ASC LIMIT 1[0m
  [1m[35mUser Load (0.0ms)[0m  SELECT "users".* FROM "users" WHERE "users"."username" = 'johnr65' LIMIT 1
  Rendered layouts/_flash_part.html.haml (0.0ms)
  Rendered application/cancel.js.erb (2.0ms)
Filter chain halted as :cancel_req rendered or redirected
Completed 200 OK in 34ms (Views: 23.0ms | ActiveRecord: 0.0ms)
  [1m[36mCACHE (0.0ms)[0m  [1mSELECT "sessions".* FROM "sessions" WHERE "sessions"."session_id" = '5b3f71f3b84d577a91e8602ff1e7f1bc' ORDER BY "sessions"."id" ASC LIMIT 1[0m
  [1m[35m (0.0ms)[0m  BEGIN
  [1m[36m (0.0ms)[0m  [1mCOMMIT[0m


Started GET "/purchases/84/edit?_=1382127930204" for 127.0.0.1 at 2013-10-18 13:28:06 -0700
Processing by PurchasesController#edit as JS
  Parameters: {"_"=>"1382127930204", "id"=>"84"}
  [1m[35mRackCAS::ActiveRecordStore::Session Load (0.0ms)[0m  SELECT "sessions".* FROM "sessions" WHERE "sessions"."session_id" = '5b3f71f3b84d577a91e8602ff1e7f1bc' ORDER BY "sessions"."id" ASC LIMIT 1
  [1m[36mUser Load (1.0ms)[0m  [1mSELECT "users".* FROM "users" WHERE "users"."username" = 'johnr65' LIMIT 1[0m
  [1m[35mPurchase Load (1.0ms)[0m  SELECT "purchases".* FROM "purchases" WHERE "purchases"."id" = $1 LIMIT 1  [["id", "84"]]
  [1m[36mLineItem Load (0.0ms)[0m  [1mSELECT "line_items".* FROM "line_items" WHERE "line_items"."purchase_id" IN (84)[0m
  [1m[35mPurchaseToVendor Load (0.0ms)[0m  SELECT "purchase_to_vendors".* FROM "purchase_to_vendors" WHERE "purchase_to_vendors"."purchase_id" IN (84)
  [1m[36mVendor Load (1.0ms)[0m  [1mSELECT "vendors".* FROM "vendors" WHERE "vendors"."id" IN (1169, 1096)[0m
  [1m[35mPurchaseToTag Load (0.0ms)[0m  SELECT "purchase_to_tags".* FROM "purchase_to_tags" WHERE "purchase_to_tags"."purchase_id" IN (84)
  [1m[36mAccount Load (0.0ms)[0m  [1mSELECT "accounts".* FROM "accounts" WHERE "accounts"."id" IN (50)[0m
  [1m[35mUser Load (0.0ms)[0m  SELECT "users".* FROM "users" WHERE "users"."id" IN (998)
  [1m[36mUser Load (0.0ms)[0m  [1mSELECT "users".* FROM "users" WHERE "users"."id" IN (1176)[0m
  [1m[35mAccount Load (1.0ms)[0m  SELECT "accounts".* FROM "accounts" WHERE "accounts"."user_id" IN (1176)
  [1m[36mAttachment Load (1.0ms)[0m  [1mSELECT "attachments".* FROM "attachments" WHERE "attachments"."purchase_id" IN (84)[0m
  [1m[35mNote Load (0.0ms)[0m  SELECT "notes".* FROM "notes" WHERE "notes"."purchase_id" IN (84)
  [1m[36mReceiving Load (0.0ms)[0m  [1mSELECT "receivings".* FROM "receivings" WHERE "receivings"."purchase_id" IN (84)[0m
  [1m[35mReceivingLine Load (0.0ms)[0m  SELECT "receiving_lines".* FROM "receiving_lines" WHERE "receiving_lines"."receiving_id" IN (111)
  [1m[36mTag Load (1.0ms)[0m  [1mSELECT "tags".* FROM "tags"[0m
  [1m[35mHumanity::Role Load (0.0ms)[0m  SELECT "roles".* FROM "roles" INNER JOIN "assignments" ON "roles"."id" = "assignments"."role_id" WHERE "assignments"."human_id" = $1 AND "assignments"."human_type" = $2  [["human_id", 18], ["human_type", "User"]]
  [1m[36m (1.0ms)[0m  [1mSELECT COUNT(*) FROM "attachments" WHERE "attachments"."purchase_id" = $1[0m  [["purchase_id", 84]]
  [1m[35mUser Load (1.0ms)[0m  SELECT "users".* FROM "users" WHERE "users"."id" = $1 ORDER BY "users"."id" ASC LIMIT 1  [["id", 1176]]
  Rendered purchases/_line_item_fields.html.haml (1.0ms)
  Rendered purchases/_line_item_fields.html.haml (2.0ms)
  Rendered purchases/_line_item_fields.html.haml (2.0ms)
  Rendered purchases/_line_item_fields.html.haml (1.0ms)
  Rendered purchases/_receiving_lines_fields.html.haml (1.0ms)
  Rendered purchases/_receiving_lines_fields.html.haml (1.0ms)
  Rendered purchases/_receiving_lines_fields.html.haml (0.0ms)
  Rendered purchases/_receiving_fields.html.haml (13.0ms)
  Rendered purchases/_receiving_lines_fields.html.haml (1.0ms)
  Rendered purchases/_receiving_fields.html.haml (5.0ms)
  Rendered purchases/_note_fields.html.haml (0.0ms)
  Rendered purchases/_tag_fields.html.haml (1.0ms)
  Rendered purchases/_form.html.haml (64.0ms)
  Rendered purchases/_edit.haml (70.0ms)
  Rendered layouts/_flash_part.html.haml (1.0ms)
  Rendered purchases/edit.js.erb (78.0ms)
Completed 200 OK in 124ms (Views: 93.0ms | ActiveRecord: 8.0ms)
  [1m[36mCACHE (0.0ms)[0m  [1mSELECT "sessions".* FROM "sessions" WHERE "sessions"."session_id" = '5b3f71f3b84d577a91e8602ff1e7f1bc' ORDER BY "sessions"."id" ASC LIMIT 1[0m
  [1m[35m (1.0ms)[0m  BEGIN
  [1m[36m (0.0ms)[0m  [1mCOMMIT[0m


Started PATCH "/purchases/84" for 127.0.0.1 at 2013-10-18 13:28:09 -0700
Processing by PurchasesController#update as JS
  Parameters: {"utf8"=>"✓", "purchase"=>{"vendor_tokens"=>"Golfstat,Amazon", "tracking_num"=>"", "date_expected"=>"Oct 18, 2013", "date_requested"=>"Sep 26, 2013", "date_approved"=>"", "date_purchased"=>"", "requester_tokens"=>"1176", "recipient_tokens"=>"1176", "line_items_attributes"=>{"0"=>{"description"=>"Scissors Speaker ", "unit"=>"CS", "quantity"=>"6", "price"=>"$5.00", "last_user"=>"admin", "created_at"=>"2013-10-11 19:11:07.729622", "updated_at"=>"2013-10-11 19:11:07.759625", "id"=>"643", "_destroy"=>"false"}, "1"=>{"description"=>"7/18 Canned Air bLNcCyJXah ", "unit"=>"TB", "quantity"=>"20", "price"=>"$8.00", "last_user"=>"admin", "created_at"=>"2013-10-11 19:11:07.718621", "updated_at"=>"2013-10-11 19:11:07.726621", "id"=>"642", "_destroy"=>"false"}, "2"=>{"description"=>"Scissors 6/17 Lamp Lamp Speaker ", "unit"=>"TB", "quantity"=>"24", "price"=>"$8.00", "last_user"=>"admin", "created_at"=>"2013-10-11 19:11:07.71362", "updated_at"=>"2013-10-11 19:11:07.71562", "id"=>"641", "_destroy"=>"false"}, "1382128087277"=>{"description"=>"", "unit"=>"", "quantity"=>"", "price"=>"", "last_user"=>"", "created_at"=>"", "updated_at"=>"", "id"=>"", "_destroy"=>"false"}}, "receivings_attributes"=>{"0"=>{"id"=>"111", "total"=>"", "_destroy"=>"false", "receiving_lines_attributes"=>{"0"=>{"id"=>"353", "line_item_id"=>"642", "quantity"=>"8", "last_user"=>"admin", "updated_at"=>"2013-10-11 19:11:07.776626", "created_at"=>"2013-10-11 19:11:07.776626"}, "1"=>{"id"=>"352", "line_item_id"=>"643", "quantity"=>"5", "last_user"=>"admin", "updated_at"=>"2013-10-11 19:11:07.773626", "created_at"=>"2013-10-11 19:11:07.773626"}}}}, "notes_attributes"=>{"1382128087288"=>{"note"=>"", "id"=>"", "_destroy"=>"false"}}, "account_id"=>"50", "tags"=>""}, "fund"=>"101000", "org"=>"", "acct"=>"", "commit"=>"Cancel", "id"=>"84"}
  [1m[35mRackCAS::ActiveRecordStore::Session Load (0.0ms)[0m  SELECT "sessions".* FROM "sessions" WHERE "sessions"."session_id" = '5b3f71f3b84d577a91e8602ff1e7f1bc' ORDER BY "sessions"."id" ASC LIMIT 1
  [1m[36mUser Load (1.0ms)[0m  [1mSELECT "users".* FROM "users" WHERE "users"."username" = 'johnr65' LIMIT 1[0m
  Rendered layouts/_flash_part.html.haml (1.0ms)
  Rendered application/cancel.js.erb (2.0ms)
Filter chain halted as :cancel_req rendered or redirected
Completed 200 OK in 42ms (Views: 29.0ms | ActiveRecord: 1.0ms)
  [1m[35mCACHE (0.0ms)[0m  SELECT "sessions".* FROM "sessions" WHERE "sessions"."session_id" = '5b3f71f3b84d577a91e8602ff1e7f1bc' ORDER BY "sessions"."id" ASC LIMIT 1
  [1m[36m (1.0ms)[0m  [1mBEGIN[0m
  [1m[35m (0.0ms)[0m  COMMIT


Started GET "/purchases/85/edit?_=1382127930205" for 127.0.0.1 at 2013-10-18 13:28:09 -0700
Processing by PurchasesController#edit as JS
  Parameters: {"_"=>"1382127930205", "id"=>"85"}
  [1m[36mRackCAS::ActiveRecordStore::Session Load (0.0ms)[0m  [1mSELECT "sessions".* FROM "sessions" WHERE "sessions"."session_id" = '5b3f71f3b84d577a91e8602ff1e7f1bc' ORDER BY "sessions"."id" ASC LIMIT 1[0m
  [1m[35mUser Load (0.0ms)[0m  SELECT "users".* FROM "users" WHERE "users"."username" = 'johnr65' LIMIT 1
  [1m[36mPurchase Load (2.0ms)[0m  [1mSELECT "purchases".* FROM "purchases" WHERE "purchases"."id" = $1 LIMIT 1[0m  [["id", "85"]]
  [1m[35mLineItem Load (0.0ms)[0m  SELECT "line_items".* FROM "line_items" WHERE "line_items"."purchase_id" IN (85)
  [1m[36mPurchaseToVendor Load (1.0ms)[0m  [1mSELECT "purchase_to_vendors".* FROM "purchase_to_vendors" WHERE "purchase_to_vendors"."purchase_id" IN (85)[0m
  [1m[35mVendor Load (2.0ms)[0m  SELECT "vendors".* FROM "vendors" WHERE "vendors"."id" IN (1170)
  [1m[36mPurchaseToTag Load (0.0ms)[0m  [1mSELECT "purchase_to_tags".* FROM "purchase_to_tags" WHERE "purchase_to_tags"."purchase_id" IN (85)[0m
  [1m[35mAccount Load (1.0ms)[0m  SELECT "accounts".* FROM "accounts" WHERE "accounts"."id" IN (51)
  [1m[36mUser Load (1.0ms)[0m  [1mSELECT "users".* FROM "users" WHERE "users"."id" IN (2174)[0m
  [1m[35mUser Load (1.0ms)[0m  SELECT "users".* FROM "users" WHERE "users"."id" IN (1967)
  [1m[36mAccount Load (1.0ms)[0m  [1mSELECT "accounts".* FROM "accounts" WHERE "accounts"."user_id" IN (1967)[0m
  [1m[35mAttachment Load (0.0ms)[0m  SELECT "attachments".* FROM "attachments" WHERE "attachments"."purchase_id" IN (85)
  [1m[36mNote Load (0.0ms)[0m  [1mSELECT "notes".* FROM "notes" WHERE "notes"."purchase_id" IN (85)[0m
  [1m[35mReceiving Load (0.0ms)[0m  SELECT "receivings".* FROM "receivings" WHERE "receivings"."purchase_id" IN (85)
  [1m[36mTag Load (1.0ms)[0m  [1mSELECT "tags".* FROM "tags"[0m
  [1m[35mHumanity::Role Load (2.0ms)[0m  SELECT "roles".* FROM "roles" INNER JOIN "assignments" ON "roles"."id" = "assignments"."role_id" WHERE "assignments"."human_id" = $1 AND "assignments"."human_type" = $2  [["human_id", 18], ["human_type", "User"]]
  [1m[36m (1.0ms)[0m  [1mSELECT COUNT(*) FROM "attachments" WHERE "attachments"."purchase_id" = $1[0m  [["purchase_id", 85]]
  [1m[35mUser Load (1.0ms)[0m  SELECT "users".* FROM "users" WHERE "users"."id" = $1 ORDER BY "users"."id" ASC LIMIT 1  [["id", 18]]
  Rendered purchases/_line_item_fields.html.haml (2.0ms)
  Rendered purchases/_line_item_fields.html.haml (2.0ms)
  Rendered purchases/_line_item_fields.html.haml (2.0ms)
  Rendered purchases/_line_item_fields.html.haml (1.0ms)
  Rendered purchases/_line_item_fields.html.haml (2.0ms)
  Rendered purchases/_line_item_fields.html.haml (2.0ms)
  Rendered purchases/_line_item_fields.html.haml (1.0ms)
  Rendered purchases/_line_item_fields.html.haml (2.0ms)
  Rendered purchases/_line_item_fields.html.haml (5.0ms)
  Rendered purchases/_line_item_fields.html.haml (2.0ms)
  Rendered purchases/_line_item_fields.html.haml (2.0ms)
  Rendered purchases/_receiving_lines_fields.html.haml (1.0ms)
  Rendered purchases/_receiving_fields.html.haml (4.0ms)
  Rendered purchases/_note_fields.html.haml (1.0ms)
  Rendered purchases/_tag_fields.html.haml (0.0ms)
  Rendered purchases/_form.html.haml (168.0ms)
  Rendered purchases/_edit.haml (177.0ms)
  Rendered layouts/_flash_part.html.haml (1.0ms)
  Rendered purchases/edit.js.erb (185.0ms)
Completed 200 OK in 237ms (Views: 198.0ms | ActiveRecord: 14.0ms)
  [1m[36mCACHE (0.0ms)[0m  [1mSELECT "sessions".* FROM "sessions" WHERE "sessions"."session_id" = '5b3f71f3b84d577a91e8602ff1e7f1bc' ORDER BY "sessions"."id" ASC LIMIT 1[0m
  [1m[35m (0.0ms)[0m  BEGIN
  [1m[36m (0.0ms)[0m  [1mCOMMIT[0m


Started PATCH "/purchases/85" for 127.0.0.1 at 2013-10-18 13:28:11 -0700
Processing by PurchasesController#update as JS
  Parameters: {"utf8"=>"✓", "purchase"=>{"vendor_tokens"=>"1-800-Flowers", "tracking_num"=>"", "date_expected"=>"Oct 18, 2013", "date_requested"=>"Sep 26, 2013", "date_approved"=>"", "date_purchased"=>"", "requester_tokens"=>"1967", "recipient_tokens"=>"18", "line_items_attributes"=>{"0"=>{"description"=>"Paper Wheel Hinge 7/14 Paper Computer ", "unit"=>"CS", "quantity"=>"9", "price"=>"$4.00", "last_user"=>"admin", "created_at"=>"2013-10-11 19:11:07.890638", "updated_at"=>"2013-10-11 19:11:07.892638", "id"=>"653", "_destroy"=>"false"}, "1"=>{"description"=>"27 Speaker Phone 18/17 Canned Air ", "unit"=>"EA", "quantity"=>"2", "price"=>"$6.00", "last_user"=>"admin", "created_at"=>"2013-10-11 19:11:07.886637", "updated_at"=>"2013-10-11 19:11:07.887637", "id"=>"652", "_destroy"=>"false"}, "2"=>{"description"=>"Book 88 6/13 Speaker Phone qye8iec6nD ", "unit"=>"BX", "quantity"=>"21", "price"=>"$7.00", "last_user"=>"admin", "created_at"=>"2013-10-11 19:11:07.882637", "updated_at"=>"2013-10-11 19:11:07.884637", "id"=>"651", "_destroy"=>"false"}, "3"=>{"description"=>"Computer 96 67 Pencils Canned Air Lamp ", "unit"=>"EA", "quantity"=>"8", "price"=>"$9.00", "last_user"=>"admin", "created_at"=>"2013-10-11 19:11:07.877636", "updated_at"=>"2013-10-11 19:11:07.879637", "id"=>"650", "_destroy"=>"false"}, "4"=>{"description"=>"Computer Stapler 78 Paper Software ", "unit"=>"BX", "quantity"=>"2", "price"=>"$3.00", "last_user"=>"admin", "created_at"=>"2013-10-11 19:11:07.873636", "updated_at"=>"2013-10-11 19:11:07.875636", "id"=>"649", "_destroy"=>"false"}, "5"=>{"description"=>"txvj7GRLry B VyF1NRnE 11/0 ", "unit"=>"BX", "quantity"=>"14", "price"=>"$7.00", "last_user"=>"admin", "created_at"=>"2013-10-11 19:11:07.869636", "updated_at"=>"2013-10-11 19:11:07.871636", "id"=>"648", "_destroy"=>"false"}, "6"=>{"description"=>"Speaker Phone Canned Air Pencils Canned Air ", "unit"=>"TB", "quantity"=>"14", "price"=>"$0.00", "last_user"=>"admin", "created_at"=>"2013-10-11 19:11:07.863635", "updated_at"=>"2013-10-11 19:11:07.867635", "id"=>"647", "_destroy"=>"false"}, "7"=>{"description"=>"CD 4 Canned Air 77 Paper 6 Paperclips Scissors ", "unit"=>"CS", "quantity"=>"23", "price"=>"$8.00", "last_user"=>"admin", "created_at"=>"2013-10-11 19:11:07.845633", "updated_at"=>"2013-10-11 19:11:07.850634", "id"=>"646", "_destroy"=>"false"}, "8"=>{"description"=>"CD Hinge B9Qbj2fphN 84 Canned Air ", "unit"=>"BX", "quantity"=>"18", "price"=>"$8.00", "last_user"=>"admin", "created_at"=>"2013-10-11 19:11:07.838633", "updated_at"=>"2013-10-11 19:11:07.840633", "id"=>"645", "_destroy"=>"false"}, "9"=>{"description"=>"Software Stapler Shelving Speaker ", "unit"=>"TB", "quantity"=>"23", "price"=>"$1.00", "last_user"=>"admin", "created_at"=>"2013-10-11 19:11:07.833632", "updated_at"=>"2013-10-11 19:11:07.835632", "id"=>"644", "_destroy"=>"false"}, "1382128090358"=>{"description"=>"", "unit"=>"", "quantity"=>"", "price"=>"", "last_user"=>"", "created_at"=>"", "updated_at"=>"", "id"=>"", "_destroy"=>"false"}}, "notes_attributes"=>{"1382128090371"=>{"note"=>"", "id"=>"", "_destroy"=>"false"}}, "account_id"=>"51", "tags"=>""}, "fund"=>"101000", "org"=>"", "acct"=>"", "commit"=>"Cancel", "id"=>"85"}
  [1m[35mRackCAS::ActiveRecordStore::Session Load (1.0ms)[0m  SELECT "sessions".* FROM "sessions" WHERE "sessions"."session_id" = '5b3f71f3b84d577a91e8602ff1e7f1bc' ORDER BY "sessions"."id" ASC LIMIT 1
  [1m[36mUser Load (1.0ms)[0m  [1mSELECT "users".* FROM "users" WHERE "users"."username" = 'johnr65' LIMIT 1[0m
  Rendered layouts/_flash_part.html.haml (1.0ms)
  Rendered application/cancel.js.erb (3.0ms)
Filter chain halted as :cancel_req rendered or redirected
Completed 200 OK in 74ms (Views: 23.0ms | ActiveRecord: 2.0ms)
  [1m[35mCACHE (0.0ms)[0m  SELECT "sessions".* FROM "sessions" WHERE "sessions"."session_id" = '5b3f71f3b84d577a91e8602ff1e7f1bc' ORDER BY "sessions"."id" ASC LIMIT 1
  [1m[36m (0.0ms)[0m  [1mBEGIN[0m
  [1m[35m (0.0ms)[0m  COMMIT


Started GET "/purchases/88/edit?_=1382127930206" for 127.0.0.1 at 2013-10-18 13:28:12 -0700
Processing by PurchasesController#edit as JS
  Parameters: {"_"=>"1382127930206", "id"=>"88"}
  [1m[36mRackCAS::ActiveRecordStore::Session Load (1.0ms)[0m  [1mSELECT "sessions".* FROM "sessions" WHERE "sessions"."session_id" = '5b3f71f3b84d577a91e8602ff1e7f1bc' ORDER BY "sessions"."id" ASC LIMIT 1[0m
  [1m[35mUser Load (0.0ms)[0m  SELECT "users".* FROM "users" WHERE "users"."username" = 'johnr65' LIMIT 1
  [1m[36mPurchase Load (1.0ms)[0m  [1mSELECT "purchases".* FROM "purchases" WHERE "purchases"."id" = $1 LIMIT 1[0m  [["id", "88"]]
  [1m[35mLineItem Load (0.0ms)[0m  SELECT "line_items".* FROM "line_items" WHERE "line_items"."purchase_id" IN (88)
  [1m[36mPurchaseToVendor Load (0.0ms)[0m  [1mSELECT "purchase_to_vendors".* FROM "purchase_to_vendors" WHERE "purchase_to_vendors"."purchase_id" IN (88)[0m
  [1m[35mVendor Load (1.0ms)[0m  SELECT "vendors".* FROM "vendors" WHERE "vendors"."id" IN (1173)
  [1m[36mPurchaseToTag Load (0.0ms)[0m  [1mSELECT "purchase_to_tags".* FROM "purchase_to_tags" WHERE "purchase_to_tags"."purchase_id" IN (88)[0m
  [1m[35mTag Load (1.0ms)[0m  SELECT "tags".* FROM "tags" WHERE "tags"."id" IN (5)
  [1m[36mAccount Load (1.0ms)[0m  [1mSELECT "accounts".* FROM "accounts" WHERE "accounts"."id" IN (54)[0m
  [1m[35mUser Load (0.0ms)[0m  SELECT "users".* FROM "users" WHERE "users"."id" IN (998)
  [1m[36mUser Load (1.0ms)[0m  [1mSELECT "users".* FROM "users" WHERE "users"."id" IN (1805)[0m
  [1m[35mAccount Load (1.0ms)[0m  SELECT "accounts".* FROM "accounts" WHERE "accounts"."user_id" IN (1805)
  [1m[36mAttachment Load (0.0ms)[0m  [1mSELECT "attachments".* FROM "attachments" WHERE "attachments"."purchase_id" IN (88)[0m
  [1m[35mNote Load (0.0ms)[0m  SELECT "notes".* FROM "notes" WHERE "notes"."purchase_id" IN (88)
  [1m[36mReceiving Load (0.0ms)[0m  [1mSELECT "receivings".* FROM "receivings" WHERE "receivings"."purchase_id" IN (88)[0m
  [1m[35mReceivingLine Load (1.0ms)[0m  SELECT "receiving_lines".* FROM "receiving_lines" WHERE "receiving_lines"."receiving_id" IN (113)
  [1m[36mTag Load (0.0ms)[0m  [1mSELECT "tags".* FROM "tags"[0m
  [1m[35mHumanity::Role Load (1.0ms)[0m  SELECT "roles".* FROM "roles" INNER JOIN "assignments" ON "roles"."id" = "assignments"."role_id" WHERE "assignments"."human_id" = $1 AND "assignments"."human_type" = $2  [["human_id", 18], ["human_type", "User"]]
  [1m[36m (1.0ms)[0m  [1mSELECT COUNT(*) FROM "attachments" WHERE "attachments"."purchase_id" = $1[0m  [["purchase_id", 88]]
  [1m[35mUser Load (0.0ms)[0m  SELECT "users".* FROM "users" WHERE "users"."id" = $1 ORDER BY "users"."id" ASC LIMIT 1  [["id", 1805]]
  Rendered purchases/_line_item_fields.html.haml (2.0ms)
  Rendered purchases/_line_item_fields.html.haml (2.0ms)
  Rendered purchases/_line_item_fields.html.haml (2.0ms)
  Rendered purchases/_line_item_fields.html.haml (2.0ms)
  Rendered purchases/_line_item_fields.html.haml (2.0ms)
  Rendered purchases/_line_item_fields.html.haml (2.0ms)
  Rendered purchases/_line_item_fields.html.haml (2.0ms)
  Rendered purchases/_line_item_fields.html.haml (2.0ms)
  Rendered purchases/_line_item_fields.html.haml (1.0ms)
  Rendered purchases/_line_item_fields.html.haml (1.0ms)
  Rendered purchases/_line_item_fields.html.haml (3.0ms)
  Rendered purchases/_receiving_lines_fields.html.haml (1.0ms)
  Rendered purchases/_receiving_lines_fields.html.haml (4.0ms)
  Rendered purchases/_receiving_lines_fields.html.haml (1.0ms)
  Rendered purchases/_receiving_lines_fields.html.haml (1.0ms)
  Rendered purchases/_receiving_lines_fields.html.haml (1.0ms)
  Rendered purchases/_receiving_fields.html.haml (90.0ms)
  Rendered purchases/_receiving_lines_fields.html.haml (1.0ms)
  Rendered purchases/_receiving_fields.html.haml (6.0ms)
  Rendered purchases/_note_fields.html.haml (1.0ms)
  Rendered purchases/_tag_fields.html.haml (1.0ms)
  Rendered purchases/_tag_fields.html.haml (1.0ms)
  Rendered purchases/_form.html.haml (206.0ms)
  Rendered purchases/_edit.haml (219.0ms)
  Rendered layouts/_flash_part.html.haml (1.0ms)
  Rendered purchases/edit.js.erb (231.0ms)
Completed 200 OK in 284ms (Views: 245.0ms | ActiveRecord: 10.0ms)
  [1m[36mCACHE (0.0ms)[0m  [1mSELECT "sessions".* FROM "sessions" WHERE "sessions"."session_id" = '5b3f71f3b84d577a91e8602ff1e7f1bc' ORDER BY "sessions"."id" ASC LIMIT 1[0m
  [1m[35m (0.0ms)[0m  BEGIN
  [1m[36m (0.0ms)[0m  [1mCOMMIT[0m


Started PATCH "/purchases/88" for 127.0.0.1 at 2013-10-18 13:28:14 -0700
Processing by PurchasesController#update as JS
  Parameters: {"utf8"=>"✓", "purchase"=>{"vendor_tokens"=>"Alaska", "tracking_num"=>"", "date_expected"=>"Oct 18, 2013", "date_requested"=>"Sep 26, 2013", "date_approved"=>"", "date_purchased"=>"", "requester_tokens"=>"1805", "recipient_tokens"=>"1805", "line_items_attributes"=>{"0"=>{"description"=>"Scissors 18/15 Canned Air 6/12 Canned Air ", "unit"=>"EA", "quantity"=>"25", "price"=>"$1.00", "last_user"=>"admin", "created_at"=>"2013-10-11 19:11:08.120661", "updated_at"=>"2013-10-11 19:11:08.122661", "id"=>"678", "_destroy"=>"false"}, "1"=>{"description"=>"Hinge Shelving Paper Wheel nFkZlN9MkB 33 16/2 Wheel ", "unit"=>"EA", "quantity"=>"17", "price"=>"$8.00", "last_user"=>"admin", "created_at"=>"2013-10-11 19:11:08.11666", "updated_at"=>"2013-10-11 19:11:08.118661", "id"=>"677", "_destroy"=>"false"}, "2"=>{"description"=>"2 ", "unit"=>"CS", "quantity"=>"15", "price"=>"$4.00", "last_user"=>"admin", "created_at"=>"2013-10-11 19:11:08.076656", "updated_at"=>"2013-10-11 19:11:08.11466", "id"=>"676", "_destroy"=>"false"}, "3"=>{"description"=>"Copying Machine 7/10 1 Shelving Paper PLLBTB2nbp ", "unit"=>"BX", "quantity"=>"24", "price"=>"$8.00", "last_user"=>"admin", "created_at"=>"2013-10-11 19:11:08.072656", "updated_at"=>"2013-10-11 19:11:08.074656", "id"=>"675", "_destroy"=>"false"}, "4"=>{"description"=>"pvm88EacHn 22 Scissors JVN6Iaaff7 Pencils Copying Machine ", "unit"=>"CS", "quantity"=>"4", "price"=>"$6.00", "last_user"=>"admin", "created_at"=>"2013-10-11 19:11:08.068656", "updated_at"=>"2013-10-11 19:11:08.070656", "id"=>"674", "_destroy"=>"false"}, "5"=>{"description"=>"Speaker ", "unit"=>"CS", "quantity"=>"4", "price"=>"$4.00", "last_user"=>"admin", "created_at"=>"2013-10-11 19:11:08.064655", "updated_at"=>"2013-10-11 19:11:08.066655", "id"=>"673", "_destroy"=>"false"}, "6"=>{"description"=>"CD Paperclips Software 10/14 ", "unit"=>"CS", "quantity"=>"20", "price"=>"$7.00", "last_user"=>"admin", "created_at"=>"2013-10-11 19:11:08.059655", "updated_at"=>"2013-10-11 19:11:08.061655", "id"=>"672", "_destroy"=>"false"}, "7"=>{"description"=>"16/13 68 2/9 Scissors ", "unit"=>"BX", "quantity"=>"21", "price"=>"$2.00", "last_user"=>"admin", "created_at"=>"2013-10-11 19:11:08.054654", "updated_at"=>"2013-10-11 19:11:08.056654", "id"=>"671", "_destroy"=>"false"}, "8"=>{"description"=>"13/14 Book Computer Paper Speaker ", "unit"=>"EA", "quantity"=>"21", "price"=>"$7.00", "last_user"=>"admin", "created_at"=>"2013-10-11 19:11:08.046653", "updated_at"=>"2013-10-11 19:11:08.052654", "id"=>"670", "_destroy"=>"false"}, "9"=>{"description"=>"Lamp 72 Book M3teUHlqSt Canned Air Hinge ", "unit"=>"BX", "quantity"=>"17", "price"=>"$9.00", "last_user"=>"admin", "created_at"=>"2013-10-11 19:11:08.042653", "updated_at"=>"2013-10-11 19:11:08.044653", "id"=>"669", "_destroy"=>"false"}, "1382128092995"=>{"description"=>"", "unit"=>"", "quantity"=>"", "price"=>"", "last_user"=>"", "created_at"=>"", "updated_at"=>"", "id"=>"", "_destroy"=>"false"}}, "receivings_attributes"=>{"0"=>{"id"=>"113", "total"=>"", "_destroy"=>"false", "receiving_lines_attributes"=>{"0"=>{"id"=>"360", "line_item_id"=>"669", "quantity"=>"7", "last_user"=>"admin", "updated_at"=>"2013-10-11 19:11:08.143663", "created_at"=>"2013-10-11 19:11:08.143663"}, "1"=>{"id"=>"359", "line_item_id"=>"670", "quantity"=>"12", "last_user"=>"admin", "updated_at"=>"2013-10-11 19:11:08.141663", "created_at"=>"2013-10-11 19:11:08.141663"}, "2"=>{"id"=>"358", "line_item_id"=>"677", "quantity"=>"7", "last_user"=>"admin", "updated_at"=>"2013-10-11 19:11:08.139663", "created_at"=>"2013-10-11 19:11:08.139663"}, "3"=>{"id"=>"357", "line_item_id"=>"678", "quantity"=>"9", "last_user"=>"admin", "updated_at"=>"2013-10-11 19:11:08.136662", "created_at"=>"2013-10-11 19:11:08.136662"}}}}, "notes_attributes"=>{"1382128093006"=>{"note"=>"", "id"=>"", "_destroy"=>"false"}}, "account_id"=>"54", "purchase_to_tags_attributes"=>{"0"=>{"tag_id"=>"5", "_destroy"=>"false", "id"=>"33"}}, "tags"=>""}, "fund"=>"101000", "org"=>"", "acct"=>"", "commit"=>"Cancel", "id"=>"88"}
  [1m[35mRackCAS::ActiveRecordStore::Session Load (0.0ms)[0m  SELECT "sessions".* FROM "sessions" WHERE "sessions"."session_id" = '5b3f71f3b84d577a91e8602ff1e7f1bc' ORDER BY "sessions"."id" ASC LIMIT 1
  [1m[36mUser Load (0.0ms)[0m  [1mSELECT "users".* FROM "users" WHERE "users"."username" = 'johnr65' LIMIT 1[0m
  Rendered layouts/_flash_part.html.haml (0.0ms)
  Rendered application/cancel.js.erb (2.0ms)
Filter chain halted as :cancel_req rendered or redirected
Completed 200 OK in 31ms (Views: 23.0ms | ActiveRecord: 0.0ms)
  [1m[35mCACHE (0.0ms)[0m  SELECT "sessions".* FROM "sessions" WHERE "sessions"."session_id" = '5b3f71f3b84d577a91e8602ff1e7f1bc' ORDER BY "sessions"."id" ASC LIMIT 1
  [1m[36m (0.0ms)[0m  [1mBEGIN[0m
  [1m[35m (0.0ms)[0m  COMMIT


Started GET "/purchases/80/edit?_=1382127930207" for 127.0.0.1 at 2013-10-18 13:28:15 -0700
Processing by PurchasesController#edit as JS
  Parameters: {"_"=>"1382127930207", "id"=>"80"}
  [1m[36mRackCAS::ActiveRecordStore::Session Load (2.0ms)[0m  [1mSELECT "sessions".* FROM "sessions" WHERE "sessions"."session_id" = '5b3f71f3b84d577a91e8602ff1e7f1bc' ORDER BY "sessions"."id" ASC LIMIT 1[0m
  [1m[35mUser Load (1.0ms)[0m  SELECT "users".* FROM "users" WHERE "users"."username" = 'johnr65' LIMIT 1
  [1m[36mPurchase Load (0.0ms)[0m  [1mSELECT "purchases".* FROM "purchases" WHERE "purchases"."id" = $1 LIMIT 1[0m  [["id", "80"]]
  [1m[35mLineItem Load (0.0ms)[0m  SELECT "line_items".* FROM "line_items" WHERE "line_items"."purchase_id" IN (80)
  [1m[36mPurchaseToVendor Load (0.0ms)[0m  [1mSELECT "purchase_to_vendors".* FROM "purchase_to_vendors" WHERE "purchase_to_vendors"."purchase_id" IN (80)[0m
  [1m[35mVendor Load (1.0ms)[0m  SELECT "vendors".* FROM "vendors" WHERE "vendors"."id" IN (169)
  [1m[36mPurchaseToTag Load (1.0ms)[0m  [1mSELECT "purchase_to_tags".* FROM "purchase_to_tags" WHERE "purchase_to_tags"."purchase_id" IN (80)[0m
  [1m[35mTag Load (0.0ms)[0m  SELECT "tags".* FROM "tags" WHERE "tags"."id" IN (4)
  [1m[36mUser Load (0.0ms)[0m  [1mSELECT "users".* FROM "users" WHERE "users"."id" IN (1666)[0m
  [1m[35mAttachment Load (0.0ms)[0m  SELECT "attachments".* FROM "attachments" WHERE "attachments"."purchase_id" IN (80)
  [1m[36mNote Load (0.0ms)[0m  [1mSELECT "notes".* FROM "notes" WHERE "notes"."purchase_id" IN (80)[0m
  [1m[35mReceiving Load (1.0ms)[0m  SELECT "receivings".* FROM "receivings" WHERE "receivings"."purchase_id" IN (80)
  [1m[36mReceivingLine Load (47.0ms)[0m  [1mSELECT "receiving_lines".* FROM "receiving_lines" WHERE "receiving_lines"."receiving_id" IN (104, 105, 106)[0m
  [1m[35mTag Load (1.0ms)[0m  SELECT "tags".* FROM "tags"
  [1m[36mHumanity::Role Load (0.0ms)[0m  [1mSELECT "roles".* FROM "roles" INNER JOIN "assignments" ON "roles"."id" = "assignments"."role_id" WHERE "assignments"."human_id" = $1 AND "assignments"."human_type" = $2[0m  [["human_id", 18], ["human_type", "User"]]
  [1m[35m (0.0ms)[0m  SELECT COUNT(*) FROM "attachments" WHERE "attachments"."purchase_id" = $1  [["purchase_id", 80]]
  Rendered purchases/_line_item_fields.html.haml (3.0ms)
  Rendered purchases/_line_item_fields.html.haml (1.0ms)
  Rendered purchases/_receiving_lines_fields.html.haml (1.0ms)
  Rendered purchases/_receiving_fields.html.haml (5.0ms)
  Rendered purchases/_receiving_lines_fields.html.haml (1.0ms)
  Rendered purchases/_receiving_fields.html.haml (5.0ms)
  Rendered purchases/_receiving_lines_fields.html.haml (2.0ms)
  Rendered purchases/_receiving_fields.html.haml (8.0ms)
  Rendered purchases/_receiving_lines_fields.html.haml (1.0ms)
  Rendered purchases/_receiving_fields.html.haml (4.0ms)
  Rendered purchases/_note_fields.html.haml (0.0ms)
  Rendered purchases/_tag_fields.html.haml (1.0ms)
  Rendered purchases/_tag_fields.html.haml (0.0ms)
  Rendered purchases/_form.html.haml (69.0ms)
  Rendered purchases/_edit.haml (73.0ms)
  Rendered layouts/_flash_part.html.haml (0.0ms)
  Rendered purchases/edit.js.erb (83.0ms)
Completed 200 OK in 177ms (Views: 99.0ms | ActiveRecord: 54.0ms)
  [1m[36mCACHE (0.0ms)[0m  [1mSELECT "sessions".* FROM "sessions" WHERE "sessions"."session_id" = '5b3f71f3b84d577a91e8602ff1e7f1bc' ORDER BY "sessions"."id" ASC LIMIT 1[0m
  [1m[35m (1.0ms)[0m  BEGIN
  [1m[36m (0.0ms)[0m  [1mCOMMIT[0m


Started PATCH "/purchases/80" for 127.0.0.1 at 2013-10-18 13:28:50 -0700
Processing by PurchasesController#update as JS
  Parameters: {"utf8"=>"✓", "purchase"=>{"vendor_tokens"=>"United Airlines", "tracking_num"=>"", "date_expected"=>"Oct 18, 2013", "date_requested"=>"Sep 26, 2013", "date_approved"=>"", "date_purchased"=>"", "requester_tokens"=>"", "recipient_tokens"=>"", "line_items_attributes"=>{"0"=>{"description"=>"QvKOvu8wUu Copying Machine lgNmYvn9ZJ Paperclips ", "unit"=>"CS", "quantity"=>"6", "price"=>"$0.00", "last_user"=>"admin", "created_at"=>"2013-10-11 19:11:07.192568", "updated_at"=>"2013-10-11 19:11:07.195568", "id"=>"601", "_destroy"=>"false"}, "1382128095517"=>{"description"=>"", "unit"=>"", "quantity"=>"", "price"=>"", "last_user"=>"", "created_at"=>"", "updated_at"=>"", "id"=>"", "_destroy"=>"false"}}, "receivings_attributes"=>{"0"=>{"id"=>"104", "total"=>"", "_destroy"=>"false"}, "1"=>{"id"=>"105", "total"=>"", "_destroy"=>"false"}, "2"=>{"id"=>"106", "total"=>"", "_destroy"=>"false"}}, "notes_attributes"=>{"1382128095527"=>{"note"=>"", "id"=>"", "_destroy"=>"false"}}, "purchase_to_tags_attributes"=>{"0"=>{"tag_id"=>"4", "_destroy"=>"false", "id"=>"31"}}, "tags"=>""}, "commit"=>"Cancel", "id"=>"80"}
  [1m[35mRackCAS::ActiveRecordStore::Session Load (1.0ms)[0m  SELECT "sessions".* FROM "sessions" WHERE "sessions"."session_id" = '5b3f71f3b84d577a91e8602ff1e7f1bc' ORDER BY "sessions"."id" ASC LIMIT 1
  [1m[36mUser Load (2.0ms)[0m  [1mSELECT "users".* FROM "users" WHERE "users"."username" = 'johnr65' LIMIT 1[0m
  Rendered layouts/_flash_part.html.haml (0.0ms)
  Rendered application/cancel.js.erb (2.0ms)
Filter chain halted as :cancel_req rendered or redirected
Completed 200 OK in 37ms (Views: 24.0ms | ActiveRecord: 3.0ms)
  [1m[35mCACHE (0.0ms)[0m  SELECT "sessions".* FROM "sessions" WHERE "sessions"."session_id" = '5b3f71f3b84d577a91e8602ff1e7f1bc' ORDER BY "sessions"."id" ASC LIMIT 1
  [1m[36m (0.0ms)[0m  [1mBEGIN[0m
  [1m[35m (0.0ms)[0m  COMMIT


Started GET "/purchases/84/edit?_=1382127930208" for 127.0.0.1 at 2013-10-18 13:28:51 -0700
Processing by PurchasesController#edit as JS
  Parameters: {"_"=>"1382127930208", "id"=>"84"}
  [1m[36mRackCAS::ActiveRecordStore::Session Load (0.0ms)[0m  [1mSELECT "sessions".* FROM "sessions" WHERE "sessions"."session_id" = '5b3f71f3b84d577a91e8602ff1e7f1bc' ORDER BY "sessions"."id" ASC LIMIT 1[0m
  [1m[35mUser Load (1.0ms)[0m  SELECT "users".* FROM "users" WHERE "users"."username" = 'johnr65' LIMIT 1
  [1m[36mPurchase Load (1.0ms)[0m  [1mSELECT "purchases".* FROM "purchases" WHERE "purchases"."id" = $1 LIMIT 1[0m  [["id", "84"]]
  [1m[35mLineItem Load (0.0ms)[0m  SELECT "line_items".* FROM "line_items" WHERE "line_items"."purchase_id" IN (84)
  [1m[36mPurchaseToVendor Load (0.0ms)[0m  [1mSELECT "purchase_to_vendors".* FROM "purchase_to_vendors" WHERE "purchase_to_vendors"."purchase_id" IN (84)[0m
  [1m[35mVendor Load (1.0ms)[0m  SELECT "vendors".* FROM "vendors" WHERE "vendors"."id" IN (1169, 1096)
  [1m[36mPurchaseToTag Load (1.0ms)[0m  [1mSELECT "purchase_to_tags".* FROM "purchase_to_tags" WHERE "purchase_to_tags"."purchase_id" IN (84)[0m
  [1m[35mAccount Load (0.0ms)[0m  SELECT "accounts".* FROM "accounts" WHERE "accounts"."id" IN (50)
  [1m[36mUser Load (0.0ms)[0m  [1mSELECT "users".* FROM "users" WHERE "users"."id" IN (998)[0m
  [1m[35mUser Load (0.0ms)[0m  SELECT "users".* FROM "users" WHERE "users"."id" IN (1176)
  [1m[36mAccount Load (1.0ms)[0m  [1mSELECT "accounts".* FROM "accounts" WHERE "accounts"."user_id" IN (1176)[0m
  [1m[35mAttachment Load (1.0ms)[0m  SELECT "attachments".* FROM "attachments" WHERE "attachments"."purchase_id" IN (84)
  [1m[36mNote Load (1.0ms)[0m  [1mSELECT "notes".* FROM "notes" WHERE "notes"."purchase_id" IN (84)[0m
  [1m[35mReceiving Load (0.0ms)[0m  SELECT "receivings".* FROM "receivings" WHERE "receivings"."purchase_id" IN (84)
  [1m[36mReceivingLine Load (1.0ms)[0m  [1mSELECT "receiving_lines".* FROM "receiving_lines" WHERE "receiving_lines"."receiving_id" IN (111)[0m
  [1m[35mTag Load (1.0ms)[0m  SELECT "tags".* FROM "tags"
  [1m[36mHumanity::Role Load (1.0ms)[0m  [1mSELECT "roles".* FROM "roles" INNER JOIN "assignments" ON "roles"."id" = "assignments"."role_id" WHERE "assignments"."human_id" = $1 AND "assignments"."human_type" = $2[0m  [["human_id", 18], ["human_type", "User"]]
  [1m[35m (0.0ms)[0m  SELECT COUNT(*) FROM "attachments" WHERE "attachments"."purchase_id" = $1  [["purchase_id", 84]]
  [1m[36mUser Load (1.0ms)[0m  [1mSELECT "users".* FROM "users" WHERE "users"."id" = $1 ORDER BY "users"."id" ASC LIMIT 1[0m  [["id", 1176]]
  Rendered purchases/_line_item_fields.html.haml (3.0ms)
  Rendered purchases/_line_item_fields.html.haml (2.0ms)
  Rendered purchases/_line_item_fields.html.haml (2.0ms)
  Rendered purchases/_line_item_fields.html.haml (1.0ms)
  Rendered purchases/_receiving_lines_fields.html.haml (1.0ms)
  Rendered purchases/_receiving_lines_fields.html.haml (4.0ms)
  Rendered purchases/_receiving_lines_fields.html.haml (1.0ms)
  Rendered purchases/_receiving_fields.html.haml (17.0ms)
  Rendered purchases/_receiving_lines_fields.html.haml (1.0ms)
  Rendered purchases/_receiving_fields.html.haml (4.0ms)
  Rendered purchases/_note_fields.html.haml (1.0ms)
  Rendered purchases/_tag_fields.html.haml (0.0ms)
  Rendered purchases/_form.html.haml (74.0ms)
  Rendered purchases/_edit.haml (78.0ms)
  Rendered layouts/_flash_part.html.haml (0.0ms)
  Rendered purchases/edit.js.erb (86.0ms)
Completed 200 OK in 141ms (Views: 100.0ms | ActiveRecord: 11.0ms)
  [1m[35mCACHE (0.0ms)[0m  SELECT "sessions".* FROM "sessions" WHERE "sessions"."session_id" = '5b3f71f3b84d577a91e8602ff1e7f1bc' ORDER BY "sessions"."id" ASC LIMIT 1
  [1m[36m (1.0ms)[0m  [1mBEGIN[0m
  [1m[35m (0.0ms)[0m  COMMIT


Started PATCH "/purchases/84" for 127.0.0.1 at 2013-10-18 14:17:43 -0700
Processing by PurchasesController#update as JS
  Parameters: {"utf8"=>"✓", "purchase"=>{"vendor_tokens"=>"Golfstat,Amazon", "tracking_num"=>"", "date_expected"=>"Oct 18, 2013", "date_requested"=>"Sep 26, 2013", "date_approved"=>"", "date_purchased"=>"", "requester_tokens"=>"1176", "recipient_tokens"=>"1176", "line_items_attributes"=>{"0"=>{"description"=>"Scissors Speaker ", "unit"=>"CS", "quantity"=>"6", "price"=>"$5.00", "last_user"=>"admin", "created_at"=>"2013-10-11 19:11:07.729622", "updated_at"=>"2013-10-11 19:11:07.759625", "id"=>"643", "_destroy"=>"false"}, "1"=>{"description"=>"7/18 Canned Air bLNcCyJXah ", "unit"=>"TB", "quantity"=>"20", "price"=>"$8.00", "last_user"=>"admin", "created_at"=>"2013-10-11 19:11:07.718621", "updated_at"=>"2013-10-11 19:11:07.726621", "id"=>"642", "_destroy"=>"false"}, "2"=>{"description"=>"Scissors 6/17 Lamp Lamp Speaker ", "unit"=>"TB", "quantity"=>"24", "price"=>"$8.00", "last_user"=>"admin", "created_at"=>"2013-10-11 19:11:07.71362", "updated_at"=>"2013-10-11 19:11:07.71562", "id"=>"641", "_destroy"=>"false"}, "1382128131732"=>{"description"=>"", "unit"=>"", "quantity"=>"", "price"=>"", "last_user"=>"", "created_at"=>"", "updated_at"=>"", "id"=>"", "_destroy"=>"false"}}, "receivings_attributes"=>{"0"=>{"id"=>"111", "total"=>"", "_destroy"=>"false", "receiving_lines_attributes"=>{"0"=>{"id"=>"353", "line_item_id"=>"642", "quantity"=>"8", "last_user"=>"admin", "updated_at"=>"2013-10-11 19:11:07.776626", "created_at"=>"2013-10-11 19:11:07.776626"}, "1"=>{"id"=>"352", "line_item_id"=>"643", "quantity"=>"5", "last_user"=>"admin", "updated_at"=>"2013-10-11 19:11:07.773626", "created_at"=>"2013-10-11 19:11:07.773626"}}}}, "notes_attributes"=>{"1382128131742"=>{"note"=>"", "id"=>"", "_destroy"=>"false"}}, "account_id"=>"50", "tags"=>""}, "fund"=>"101000", "org"=>"", "acct"=>"", "commit"=>"Cancel", "id"=>"84"}
  [1m[36mRackCAS::ActiveRecordStore::Session Load (1.0ms)[0m  [1mSELECT "sessions".* FROM "sessions" WHERE "sessions"."session_id" = '5b3f71f3b84d577a91e8602ff1e7f1bc' ORDER BY "sessions"."id" ASC LIMIT 1[0m
  [1m[35mUser Load (0.0ms)[0m  SELECT "users".* FROM "users" WHERE "users"."username" = 'johnr65' LIMIT 1
  Rendered layouts/_flash_part.html.haml (0.0ms)
  Rendered application/cancel.js.erb (2.0ms)
Filter chain halted as :cancel_req rendered or redirected
Completed 200 OK in 33ms (Views: 25.0ms | ActiveRecord: 1.0ms)
  [1m[36mCACHE (0.0ms)[0m  [1mSELECT "sessions".* FROM "sessions" WHERE "sessions"."session_id" = '5b3f71f3b84d577a91e8602ff1e7f1bc' ORDER BY "sessions"."id" ASC LIMIT 1[0m
  [1m[35m (0.0ms)[0m  BEGIN
  [1m[36m (0.0ms)[0m  [1mCOMMIT[0m


Started GET "/purchases?buyer=0&page=2&flash=false&tab=On-route&_=1382127930209" for 127.0.0.1 at 2013-10-18 14:17:46 -0700
Processing by PurchasesController#index as JS
  Parameters: {"buyer"=>"0", "page"=>"2", "flash"=>"false", "tab"=>"On-route", "_"=>"1382127930209"}
  [1m[35mRackCAS::ActiveRecordStore::Session Load (1.0ms)[0m  SELECT "sessions".* FROM "sessions" WHERE "sessions"."session_id" = '5b3f71f3b84d577a91e8602ff1e7f1bc' ORDER BY "sessions"."id" ASC LIMIT 1
  [1m[36mUser Load (1.0ms)[0m  [1mSELECT "users".* FROM "users" WHERE "users"."username" = 'johnr65' LIMIT 1[0m
  [1m[35mHumanity::Role Load (1.0ms)[0m  SELECT "roles".* FROM "roles" INNER JOIN "assignments" ON "roles"."id" = "assignments"."role_id" WHERE "assignments"."human_id" = $1 AND "assignments"."human_type" = $2  [["human_id", 18], ["human_type", "User"]]
  [1m[36mUser Load (19.0ms)[0m  [1mSELECT "users".* FROM "users"[0m
  [1m[35mHumanity::Role Load (0.0ms)[0m  SELECT "roles".* FROM "roles" WHERE "roles"."name" = 'buyer' LIMIT 1
  [1m[36mUser Load (1.0ms)[0m  [1mSELECT "users".* FROM "users" INNER JOIN "assignments" ON "assignments"."human_id" = "users"."id" AND "assignments"."human_type" = 'User' WHERE "assignments"."role_id" = 2[0m
  [1m[35m (0.0ms)[0m  SELECT COUNT(*) FROM "purchases" WHERE (date_received is NULL)
  Rendered purchases/_purchase_list_header.html.haml (8.0ms)
  [1m[36mPurchase Load (1.0ms)[0m  [1mSELECT "purchases".* FROM "purchases" WHERE (date_received is NULL) ORDER BY starred asc, date_requested DESC, id desc LIMIT 25 OFFSET 25[0m
  [1m[35mLineItem Load (3.0ms)[0m  SELECT "line_items".* FROM "line_items" WHERE "line_items"."purchase_id" IN (63, 62, 61, 60, 59, 58, 57, 56, 55, 54, 53, 52, 51, 50, 49, 48, 47, 46, 45, 44, 43, 42, 41, 40, 39)
  [1m[36mPurchaseToVendor Load (0.0ms)[0m  [1mSELECT "purchase_to_vendors".* FROM "purchase_to_vendors" WHERE "purchase_to_vendors"."purchase_id" IN (63, 62, 61, 60, 59, 58, 57, 56, 55, 54, 53, 52, 51, 50, 49, 48, 47, 46, 45, 44, 43, 42, 41, 40, 39)[0m
  [1m[35mVendor Load (1.0ms)[0m  SELECT "vendors".* FROM "vendors" WHERE "vendors"."id" IN (1154, 1153, 1152, 1151, 1150, 1149, 1148, 1147, 1146, 1096, 1145, 1144, 1143, 1142, 1141, 1140, 1139, 1105, 1138, 1137, 1136, 1135, 1134, 1133, 1132, 1131)
  [1m[36mPurchaseToTag Load (0.0ms)[0m  [1mSELECT "purchase_to_tags".* FROM "purchase_to_tags" WHERE "purchase_to_tags"."purchase_id" IN (63, 62, 61, 60, 59, 58, 57, 56, 55, 54, 53, 52, 51, 50, 49, 48, 47, 46, 45, 44, 43, 42, 41, 40, 39)[0m
  [1m[35mTag Load (0.0ms)[0m  SELECT "tags".* FROM "tags" WHERE "tags"."id" IN (7, 6, 2, 8, 4, 1, 3)
  [1m[36mAccount Load (1.0ms)[0m  [1mSELECT "accounts".* FROM "accounts" WHERE "accounts"."id" IN (39, 38, 37, 35, 34, 18, 33, 32, 5, 31, 30, 29, 19, 28, 27, 26)[0m
  [1m[35mUser Load (0.0ms)[0m  SELECT "users".* FROM "users" WHERE "users"."id" IN (1666, 252, 841, 2174, 998)
  [1m[36mUser Load (1.0ms)[0m  [1mSELECT "users".* FROM "users" WHERE "users"."id" IN (493, 1276, 1720, 687, 1334, 22, 1984, 1358, 724, 1654, 1760, 943, 1176, 1439)[0m
  [1m[35mAccount Load (1.0ms)[0m  SELECT "accounts".* FROM "accounts" WHERE "accounts"."user_id" IN (493, 1276, 1720, 687, 1334, 22, 1984, 1358, 724, 1654, 1760, 943, 1176, 1439)
  Rendered purchases/_purchase_list_items.html.haml (108.0ms)
  Rendered purchases/_purchase_list.html.haml (244.9ms)
  Rendered layouts/_flash_part.html.haml (0.0ms)
  Rendered layouts/_flash_part.html.haml (0.0ms)
  Rendered purchases/index.js.erb (256.9ms)
Completed 200 OK in 564ms (Views: 263.9ms | ActiveRecord: 31.0ms)
  [1m[36mCACHE (0.0ms)[0m  [1mSELECT "sessions".* FROM "sessions" WHERE "sessions"."session_id" = '5b3f71f3b84d577a91e8602ff1e7f1bc' ORDER BY "sessions"."id" ASC LIMIT 1[0m
  [1m[35m (1.0ms)[0m  BEGIN
  [1m[36m (0.0ms)[0m  [1mCOMMIT[0m


Started GET "/purchases/60/edit?_=1382127930210" for 127.0.0.1 at 2013-10-18 14:17:48 -0700
Processing by PurchasesController#edit as JS
  Parameters: {"_"=>"1382127930210", "id"=>"60"}
  [1m[35mRackCAS::ActiveRecordStore::Session Load (1.0ms)[0m  SELECT "sessions".* FROM "sessions" WHERE "sessions"."session_id" = '5b3f71f3b84d577a91e8602ff1e7f1bc' ORDER BY "sessions"."id" ASC LIMIT 1
  [1m[36mUser Load (1.0ms)[0m  [1mSELECT "users".* FROM "users" WHERE "users"."username" = 'johnr65' LIMIT 1[0m
  [1m[35mPurchase Load (1.0ms)[0m  SELECT "purchases".* FROM "purchases" WHERE "purchases"."id" = $1 LIMIT 1  [["id", "60"]]
  [1m[36mLineItem Load (24.0ms)[0m  [1mSELECT "line_items".* FROM "line_items" WHERE "line_items"."purchase_id" IN (60)[0m
  [1m[35mPurchaseToVendor Load (1.0ms)[0m  SELECT "purchase_to_vendors".* FROM "purchase_to_vendors" WHERE "purchase_to_vendors"."purchase_id" IN (60)
  [1m[36mVendor Load (5.0ms)[0m  [1mSELECT "vendors".* FROM "vendors" WHERE "vendors"."id" IN (1151)[0m
  [1m[35mPurchaseToTag Load (1.0ms)[0m  SELECT "purchase_to_tags".* FROM "purchase_to_tags" WHERE "purchase_to_tags"."purchase_id" IN (60)
  [1m[36mAccount Load (3.0ms)[0m  [1mSELECT "accounts".* FROM "accounts" WHERE "accounts"."id" IN (39)[0m
  [1m[35mUser Load (1.0ms)[0m  SELECT "users".* FROM "users" WHERE "users"."id" IN (252)
  [1m[36mUser Load (0.0ms)[0m  [1mSELECT "users".* FROM "users" WHERE "users"."id" IN (493)[0m
  [1m[35mAccount Load (0.0ms)[0m  SELECT "accounts".* FROM "accounts" WHERE "accounts"."user_id" IN (493)
  [1m[36mAttachment Load (0.0ms)[0m  [1mSELECT "attachments".* FROM "attachments" WHERE "attachments"."purchase_id" IN (60)[0m
  [1m[35mNote Load (0.0ms)[0m  SELECT "notes".* FROM "notes" WHERE "notes"."purchase_id" IN (60)
  [1m[36mReceiving Load (0.0ms)[0m  [1mSELECT "receivings".* FROM "receivings" WHERE "receivings"."purchase_id" IN (60)[0m
  [1m[35mReceivingLine Load (0.0ms)[0m  SELECT "receiving_lines".* FROM "receiving_lines" WHERE "receiving_lines"."receiving_id" IN (79, 80)
  [1m[36mTag Load (1.0ms)[0m  [1mSELECT "tags".* FROM "tags"[0m
  [1m[35mHumanity::Role Load (1.0ms)[0m  SELECT "roles".* FROM "roles" INNER JOIN "assignments" ON "roles"."id" = "assignments"."role_id" WHERE "assignments"."human_id" = $1 AND "assignments"."human_type" = $2  [["human_id", 18], ["human_type", "User"]]
  [1m[36m (1.0ms)[0m  [1mSELECT COUNT(*) FROM "attachments" WHERE "attachments"."purchase_id" = $1[0m  [["purchase_id", 60]]
  [1m[35mUser Load (0.0ms)[0m  SELECT "users".* FROM "users" WHERE "users"."id" = $1 ORDER BY "users"."id" ASC LIMIT 1  [["id", 493]]
  Rendered purchases/_line_item_fields.html.haml (2.0ms)
  Rendered purchases/_line_item_fields.html.haml (2.0ms)
  Rendered purchases/_line_item_fields.html.haml (1.0ms)
  Rendered purchases/_receiving_lines_fields.html.haml (1.0ms)
  Rendered purchases/_receiving_lines_fields.html.haml (1.0ms)
  Rendered purchases/_receiving_lines_fields.html.haml (1.0ms)
  Rendered purchases/_receiving_fields.html.haml (12.0ms)
  Rendered purchases/_receiving_lines_fields.html.haml (1.0ms)
  Rendered purchases/_receiving_fields.html.haml (6.0ms)
  Rendered purchases/_receiving_lines_fields.html.haml (0.0ms)
  Rendered purchases/_receiving_fields.html.haml (4.0ms)
  Rendered purchases/_note_fields.html.haml (0.0ms)
  Rendered purchases/_tag_fields.html.haml (0.0ms)
  Rendered purchases/_form.html.haml (74.0ms)
  Rendered purchases/_edit.haml (131.0ms)
  Rendered layouts/_flash_part.html.haml (0.0ms)
  Rendered purchases/edit.js.erb (139.0ms)
Completed 200 OK in 244ms (Views: 160.0ms | ActiveRecord: 41.0ms)
  [1m[36mCACHE (0.0ms)[0m  [1mSELECT "sessions".* FROM "sessions" WHERE "sessions"."session_id" = '5b3f71f3b84d577a91e8602ff1e7f1bc' ORDER BY "sessions"."id" ASC LIMIT 1[0m
  [1m[35m (0.0ms)[0m  BEGIN
  [1m[36m (0.0ms)[0m  [1mCOMMIT[0m


Started POST "/purchases/60/receive_all" for 127.0.0.1 at 2013-10-18 14:17:53 -0700
Processing by PurchasesController#receive_all as JS
  Parameters: {"id"=>"60"}
  [1m[35mRackCAS::ActiveRecordStore::Session Load (1.0ms)[0m  SELECT "sessions".* FROM "sessions" WHERE "sessions"."session_id" = '5b3f71f3b84d577a91e8602ff1e7f1bc' ORDER BY "sessions"."id" ASC LIMIT 1
  [1m[36mUser Load (1.0ms)[0m  [1mSELECT "users".* FROM "users" WHERE "users"."username" = 'johnr65' LIMIT 1[0m
  [1m[35mPurchase Load (0.0ms)[0m  SELECT "purchases".* FROM "purchases" WHERE "purchases"."id" = $1 LIMIT 1  [["id", "60"]]
  [1m[36mLineItem Load (0.0ms)[0m  [1mSELECT "line_items".* FROM "line_items" WHERE "line_items"."purchase_id" IN (60)[0m
  [1m[35mPurchaseToVendor Load (0.0ms)[0m  SELECT "purchase_to_vendors".* FROM "purchase_to_vendors" WHERE "purchase_to_vendors"."purchase_id" IN (60)
  [1m[36mVendor Load (1.0ms)[0m  [1mSELECT "vendors".* FROM "vendors" WHERE "vendors"."id" IN (1151)[0m
  [1m[35mPurchaseToTag Load (0.0ms)[0m  SELECT "purchase_to_tags".* FROM "purchase_to_tags" WHERE "purchase_to_tags"."purchase_id" IN (60)
  [1m[36mAccount Load (1.0ms)[0m  [1mSELECT "accounts".* FROM "accounts" WHERE "accounts"."id" IN (39)[0m
  [1m[35mUser Load (0.0ms)[0m  SELECT "users".* FROM "users" WHERE "users"."id" IN (252)
  [1m[36mUser Load (0.0ms)[0m  [1mSELECT "users".* FROM "users" WHERE "users"."id" IN (493)[0m
  [1m[35mAccount Load (0.0ms)[0m  SELECT "accounts".* FROM "accounts" WHERE "accounts"."user_id" IN (493)
  [1m[36mAttachment Load (0.0ms)[0m  [1mSELECT "attachments".* FROM "attachments" WHERE "attachments"."purchase_id" IN (60)[0m
  [1m[35mNote Load (0.0ms)[0m  SELECT "notes".* FROM "notes" WHERE "notes"."purchase_id" IN (60)
  [1m[36mReceiving Load (1.0ms)[0m  [1mSELECT "receivings".* FROM "receivings" WHERE "receivings"."purchase_id" IN (60)[0m
  [1m[35mReceivingLine Load (0.0ms)[0m  SELECT "receiving_lines".* FROM "receiving_lines" WHERE "receiving_lines"."receiving_id" IN (79, 80)
  [1m[36mTag Load (1.0ms)[0m  [1mSELECT "tags".* FROM "tags"[0m
  [1m[35mHumanity::Role Load (1.0ms)[0m  SELECT "roles".* FROM "roles" INNER JOIN "assignments" ON "roles"."id" = "assignments"."role_id" WHERE "assignments"."human_id" = $1 AND "assignments"."human_type" = $2  [["human_id", 18], ["human_type", "User"]]
Permission denied: No matching rules found for receive_all for #<User id: 18, username: "johnr65", first_name: "John", last_name: "Ratcliff", title: "Buyer, Central Stores", email: "john.w.ratcliff@biola.edu", department: "Central Stores", phone: 5801, photo_url: nil, current_login_at: "2013-10-18 18:33:18", last_login_at: "2013-10-18 17:10:17", login_count: 15, created_at: "2013-10-11 19:10:18", updated_at: "2013-10-18 18:33:18", department_id: nil> (roles [:employee, :developer, :admin, :manager, :buyer, :receiver, :alumnus], privileges [:receive_all, :receive], context :purchases).
  Rendered public/404.html (0.0ms)
Filter chain halted as :filter_access_filter rendered or redirected
Completed 404 Not Found in 39ms (Views: 6.0ms | ActiveRecord: 7.0ms)
  [1m[36mCACHE (0.0ms)[0m  [1mSELECT "sessions".* FROM "sessions" WHERE "sessions"."session_id" = '5b3f71f3b84d577a91e8602ff1e7f1bc' ORDER BY "sessions"."id" ASC LIMIT 1[0m
  [1m[35m (0.0ms)[0m  BEGIN
  [1m[36m (0.0ms)[0m  [1mCOMMIT[0m


Started PATCH "/purchases/60" for 127.0.0.1 at 2013-10-18 14:18:02 -0700
Processing by PurchasesController#update as JS
  Parameters: {"utf8"=>"✓", "purchase"=>{"vendor_tokens"=>"PSSL", "tracking_num"=>"", "date_expected"=>"Oct 18, 2013", "date_requested"=>"Sep 19, 2013", "date_approved"=>"", "date_purchased"=>"", "requester_tokens"=>"493", "recipient_tokens"=>"493", "line_items_attributes"=>{"0"=>{"description"=>"kZLZY8XGhq Paper Book Canned Air Stapler Canned Air ", "unit"=>"CS", "quantity"=>"8", "price"=>"$3.00", "last_user"=>"admin", "created_at"=>"2013-10-11 19:11:04.255274", "updated_at"=>"2013-10-11 19:11:04.258275", "id"=>"403", "_destroy"=>"false"}, "1"=>{"description"=>"92 Paperclips 90 Book Wheel MER2qX8KQA ", "unit"=>"EA", "quantity"=>"14", "price"=>"$4.00", "last_user"=>"admin", "created_at"=>"2013-10-11 19:11:04.251274", "updated_at"=>"2013-10-11 19:11:04.253274", "id"=>"402", "_destroy"=>"false"}, "1382131069011"=>{"description"=>"", "unit"=>"", "quantity"=>"", "price"=>"", "last_user"=>"", "created_at"=>"", "updated_at"=>"", "id"=>"", "_destroy"=>"false"}}, "receivings_attributes"=>{"0"=>{"id"=>"79", "total"=>"", "_destroy"=>"false", "receiving_lines_attributes"=>{"0"=>{"id"=>"234", "line_item_id"=>"402", "quantity"=>"0", "last_user"=>"admin", "updated_at"=>"2013-10-11 19:11:04.268276", "created_at"=>"2013-10-11 19:11:04.268276"}, "1"=>{"id"=>"233", "line_item_id"=>"403", "quantity"=>"0", "last_user"=>"admin", "updated_at"=>"2013-10-11 19:11:04.265275", "created_at"=>"2013-10-11 19:11:04.265275"}}}, "1"=>{"id"=>"80", "total"=>"", "_destroy"=>"false"}}, "notes_attributes"=>{"1382131069021"=>{"note"=>"", "id"=>"", "_destroy"=>"false"}}, "account_id"=>"39", "tags"=>""}, "fund"=>"101000", "org"=>"", "acct"=>"", "commit"=>"Cancel", "id"=>"60"}
  [1m[35mRackCAS::ActiveRecordStore::Session Load (1.0ms)[0m  SELECT "sessions".* FROM "sessions" WHERE "sessions"."session_id" = '5b3f71f3b84d577a91e8602ff1e7f1bc' ORDER BY "sessions"."id" ASC LIMIT 1
  [1m[36mUser Load (1.0ms)[0m  [1mSELECT "users".* FROM "users" WHERE "users"."username" = 'johnr65' LIMIT 1[0m
  Rendered layouts/_flash_part.html.haml (0.0ms)
  Rendered application/cancel.js.erb (2.0ms)
Filter chain halted as :cancel_req rendered or redirected
Completed 200 OK in 31ms (Views: 22.0ms | ActiveRecord: 2.0ms)
  [1m[35mCACHE (0.0ms)[0m  SELECT "sessions".* FROM "sessions" WHERE "sessions"."session_id" = '5b3f71f3b84d577a91e8602ff1e7f1bc' ORDER BY "sessions"."id" ASC LIMIT 1
  [1m[36m (0.0ms)[0m  [1mBEGIN[0m
  [1m[35m (0.0ms)[0m  COMMIT
